[2026-04-19 10:50:37] local.ERROR: Required @OA\Info() not found {"exception":"[object] (ErrorException(code: 0): Required @OA\\Info() not found at /home/reyyhzn/245150701111005-nayla-rayhana-zahrany-utptis/vendor/zircote/swagger-php/src/Loggers/DefaultLogger.php:23)
[stacktrace]
#0 /home/reyyhzn/245150701111005-nayla-rayhana-zahrany-utptis/vendor/laravel/framework/src/Illuminate/Foundation/Bootstrap/HandleExceptions.php(258): Illuminate\\Foundation\\Bootstrap\\HandleExceptions->handleError(512, 'Required @OA\\\\In...', '/home/reyyhzn/2...', 23)
#1 [internal function]: Illuminate\\Foundation\\Bootstrap\\HandleExceptions->{closure:Illuminate\\Foundation\\Bootstrap\\HandleExceptions::forwardsTo():257}(512, 'Required @OA\\\\In...', '/home/reyyhzn/2...', 23)
#2 /home/reyyhzn/245150701111005-nayla-rayhana-zahrany-utptis/vendor/zircote/swagger-php/src/Loggers/DefaultLogger.php(23): trigger_error('Required @OA\\\\In...', 512)
#3 /home/reyyhzn/245150701111005-nayla-rayhana-zahrany-utptis/vendor/psr/log/src/LoggerTrait.php(61): OpenApi\\Loggers\\DefaultLogger->log('warning', 'Required @OA\\\\In...', Array)
#4 /home/reyyhzn/245150701111005-nayla-rayhana-zahrany-utptis/vendor/zircote/swagger-php/src/Annotations/AbstractAnnotation.php(549): Psr\\Log\\AbstractLogger->warning('Required @OA\\\\In...')
#5 /home/reyyhzn/245150701111005-nayla-rayhana-zahrany-utptis/vendor/zircote/swagger-php/src/Annotations/OpenApi.php(162): OpenApi\\Annotations\\AbstractAnnotation->validate(Object(OpenApi\\Analysis), '3.0.0', Object(stdClass))
#6 /home/reyyhzn/245150701111005-nayla-rayhana-zahrany-utptis/vendor/zircote/swagger-php/src/Analysis.php(402): OpenApi\\Annotations\\OpenApi->validate(Object(OpenApi\\Analysis), '3.0.0', Object(stdClass))
#7 /home/reyyhzn/245150701111005-nayla-rayhana-zahrany-utptis/vendor/zircote/swagger-php/src/Generator.php(408): OpenApi\\Analysis->validate()
#8 /home/reyyhzn/245150701111005-nayla-rayhana-zahrany-utptis/vendor/darkaonline/l5-swagger/src/Generator.php(177): OpenApi\\Generator->generate(Object(OpenApi\\SourceFinder), Object(OpenApi\\Analysis))
#9 /home/reyyhzn/245150701111005-nayla-rayhana-zahrany-utptis/vendor/darkaonline/l5-swagger/src/Generator.php(118): L5Swagger\\Generator->scanFilesForDocumentation()
#10 /home/reyyhzn/245150701111005-nayla-rayhana-zahrany-utptis/vendor/darkaonline/l5-swagger/src/Console/GenerateDocsCommand.php(73): L5Swagger\\Generator->generateDocs()
#11 /home/reyyhzn/245150701111005-nayla-rayhana-zahrany-utptis/vendor/darkaonline/l5-swagger/src/Console/GenerateDocsCommand.php(56): L5Swagger\\Console\\GenerateDocsCommand->generateDocumentation(Object(L5Swagger\\GeneratorFactory), 'default')
#12 /home/reyyhzn/245150701111005-nayla-rayhana-zahrany-utptis/vendor/laravel/framework/src/Illuminate/Container/BoundMethod.php(36): L5Swagger\\Console\\GenerateDocsCommand->handle(Object(L5Swagger\\GeneratorFactory))
#13 /home/reyyhzn/245150701111005-nayla-rayhana-zahrany-utptis/vendor/laravel/framework/src/Illuminate/Container/Util.php(43): Illuminate\\Container\\BoundMethod::{closure:Illuminate\\Container\\BoundMethod::call():35}()
#14 /home/reyyhzn/245150701111005-nayla-rayhana-zahrany-utptis/vendor/laravel/framework/src/Illuminate/Container/BoundMethod.php(96): Illuminate\\Container\\Util::unwrapIfClosure(Object(Closure))
#15 /home/reyyhzn/245150701111005-nayla-rayhana-zahrany-utptis/vendor/laravel/framework/src/Illuminate/Container/BoundMethod.php(35): Illuminate\\Container\\BoundMethod::callBoundMethod(Object(Illuminate\\Foundation\\Application), Array, Object(Closure))
#16 /home/reyyhzn/245150701111005-nayla-rayhana-zahrany-utptis/vendor/laravel/framework/src/Illuminate/Container/Container.php(799): Illuminate\\Container\\BoundMethod::call(Object(Illuminate\\Foundation\\Application), Array, Array, NULL)
#17 /home/reyyhzn/245150701111005-nayla-rayhana-zahrany-utptis/vendor/laravel/framework/src/Illuminate/Console/Command.php(280): Illuminate\\Container\\Container->call(Array)
#18 /home/reyyhzn/245150701111005-nayla-rayhana-zahrany-utptis/vendor/symfony/console/Command/Command.php(291): Illuminate\\Console\\Command->execute(Object(Symfony\\Component\\Console\\Input\\ArgvInput), Object(Illuminate\\Console\\OutputStyle))
#19 /home/reyyhzn/245150701111005-nayla-rayhana-zahrany-utptis/vendor/laravel/framework/src/Illuminate/Console/Command.php(249): Symfony\\Component\\Console\\Command\\Command->run(Object(Symfony\\Component\\Console\\Input\\ArgvInput), Object(Illuminate\\Console\\OutputStyle))
#20 /home/reyyhzn/245150701111005-nayla-rayhana-zahrany-utptis/vendor/symfony/console/Application.php(1107): Illuminate\\Console\\Command->run(Object(Symfony\\Component\\Console\\Input\\ArgvInput), Object(Symfony\\Component\\Console\\Output\\ConsoleOutput))
#21 /home/reyyhzn/245150701111005-nayla-rayhana-zahrany-utptis/vendor/symfony/console/Application.php(356): Symfony\\Component\\Console\\Application->doRunCommand(Object(L5Swagger\\Console\\GenerateDocsCommand), Object(Symfony\\Component\\Console\\Input\\ArgvInput), Object(Symfony\\Component\\Console\\Output\\ConsoleOutput))
#22 /home/reyyhzn/245150701111005-nayla-rayhana-zahrany-utptis/vendor/symfony/console/Application.php(195): Symfony\\Component\\Console\\Application->doRun(Object(Symfony\\Component\\Console\\Input\\ArgvInput), Object(Symfony\\Component\\Console\\Output\\ConsoleOutput))
#23 /home/reyyhzn/245150701111005-nayla-rayhana-zahrany-utptis/vendor/laravel/framework/src/Illuminate/Foundation/Console/Kernel.php(198): Symfony\\Component\\Console\\Application->run(Object(Symfony\\Component\\Console\\Input\\ArgvInput), Object(Symfony\\Component\\Console\\Output\\ConsoleOutput))
#24 /home/reyyhzn/245150701111005-nayla-rayhana-zahrany-utptis/vendor/laravel/framework/src/Illuminate/Foundation/Application.php(1235): Illuminate\\Foundation\\Console\\Kernel->handle(Object(Symfony\\Component\\Console\\Input\\ArgvInput), Object(Symfony\\Component\\Console\\Output\\ConsoleOutput))
#25 /home/reyyhzn/245150701111005-nayla-rayhana-zahrany-utptis/artisan(16): Illuminate\\Foundation\\Application->handleCommand(Object(Symfony\\Component\\Console\\Input\\ArgvInput))
#26 {main}
"} 
[2026-04-19 10:51:39] local.ERROR: Required @OA\Info() not found {"exception":"[object] (ErrorException(code: 0): Required @OA\\Info() not found at /home/reyyhzn/245150701111005-nayla-rayhana-zahrany-utptis/vendor/zircote/swagger-php/src/Loggers/DefaultLogger.php:23)
[stacktrace]
#0 /home/reyyhzn/245150701111005-nayla-rayhana-zahrany-utptis/vendor/laravel/framework/src/Illuminate/Foundation/Bootstrap/HandleExceptions.php(258): Illuminate\\Foundation\\Bootstrap\\HandleExceptions->handleError(512, 'Required @OA\\\\In...', '/home/reyyhzn/2...', 23)
#1 [internal function]: Illuminate\\Foundation\\Bootstrap\\HandleExceptions->{closure:Illuminate\\Foundation\\Bootstrap\\HandleExceptions::forwardsTo():257}(512, 'Required @OA\\\\In...', '/home/reyyhzn/2...', 23)
#2 /home/reyyhzn/245150701111005-nayla-rayhana-zahrany-utptis/vendor/zircote/swagger-php/src/Loggers/DefaultLogger.php(23): trigger_error('Required @OA\\\\In...', 512)
#3 /home/reyyhzn/245150701111005-nayla-rayhana-zahrany-utptis/vendor/psr/log/src/LoggerTrait.php(61): OpenApi\\Loggers\\DefaultLogger->log('warning', 'Required @OA\\\\In...', Array)
#4 /home/reyyhzn/245150701111005-nayla-rayhana-zahrany-utptis/vendor/zircote/swagger-php/src/Annotations/AbstractAnnotation.php(549): Psr\\Log\\AbstractLogger->warning('Required @OA\\\\In...')
#5 /home/reyyhzn/245150701111005-nayla-rayhana-zahrany-utptis/vendor/zircote/swagger-php/src/Annotations/OpenApi.php(162): OpenApi\\Annotations\\AbstractAnnotation->validate(Object(OpenApi\\Analysis), '3.0.0', Object(stdClass))
#6 /home/reyyhzn/245150701111005-nayla-rayhana-zahrany-utptis/vendor/zircote/swagger-php/src/Analysis.php(402): OpenApi\\Annotations\\OpenApi->validate(Object(OpenApi\\Analysis), '3.0.0', Object(stdClass))
#7 /home/reyyhzn/245150701111005-nayla-rayhana-zahrany-utptis/vendor/zircote/swagger-php/src/Generator.php(408): OpenApi\\Analysis->validate()
#8 /home/reyyhzn/245150701111005-nayla-rayhana-zahrany-utptis/vendor/darkaonline/l5-swagger/src/Generator.php(177): OpenApi\\Generator->generate(Object(OpenApi\\SourceFinder), Object(OpenApi\\Analysis))
#9 /home/reyyhzn/245150701111005-nayla-rayhana-zahrany-utptis/vendor/darkaonline/l5-swagger/src/Generator.php(118): L5Swagger\\Generator->scanFilesForDocumentation()
#10 /home/reyyhzn/245150701111005-nayla-rayhana-zahrany-utptis/vendor/darkaonline/l5-swagger/src/Console/GenerateDocsCommand.php(73): L5Swagger\\Generator->generateDocs()
#11 /home/reyyhzn/245150701111005-nayla-rayhana-zahrany-utptis/vendor/darkaonline/l5-swagger/src/Console/GenerateDocsCommand.php(56): L5Swagger\\Console\\GenerateDocsCommand->generateDocumentation(Object(L5Swagger\\GeneratorFactory), 'default')
#12 /home/reyyhzn/245150701111005-nayla-rayhana-zahrany-utptis/vendor/laravel/framework/src/Illuminate/Container/BoundMethod.php(36): L5Swagger\\Console\\GenerateDocsCommand->handle(Object(L5Swagger\\GeneratorFactory))
#13 /home/reyyhzn/245150701111005-nayla-rayhana-zahrany-utptis/vendor/laravel/framework/src/Illuminate/Container/Util.php(43): Illuminate\\Container\\BoundMethod::{closure:Illuminate\\Container\\BoundMethod::call():35}()
#14 /home/reyyhzn/245150701111005-nayla-rayhana-zahrany-utptis/vendor/laravel/framework/src/Illuminate/Container/BoundMethod.php(96): Illuminate\\Container\\Util::unwrapIfClosure(Object(Closure))
#15 /home/reyyhzn/245150701111005-nayla-rayhana-zahrany-utptis/vendor/laravel/framework/src/Illuminate/Container/BoundMethod.php(35): Illuminate\\Container\\BoundMethod::callBoundMethod(Object(Illuminate\\Foundation\\Application), Array, Object(Closure))
#16 /home/reyyhzn/245150701111005-nayla-rayhana-zahrany-utptis/vendor/laravel/framework/src/Illuminate/Container/Container.php(799): Illuminate\\Container\\BoundMethod::call(Object(Illuminate\\Foundation\\Application), Array, Array, NULL)
#17 /home/reyyhzn/245150701111005-nayla-rayhana-zahrany-utptis/vendor/laravel/framework/src/Illuminate/Console/Command.php(280): Illuminate\\Container\\Container->call(Array)
#18 /home/reyyhzn/245150701111005-nayla-rayhana-zahrany-utptis/vendor/symfony/console/Command/Command.php(291): Illuminate\\Console\\Command->execute(Object(Symfony\\Component\\Console\\Input\\ArgvInput), Object(Illuminate\\Console\\OutputStyle))
#19 /home/reyyhzn/245150701111005-nayla-rayhana-zahrany-utptis/vendor/laravel/framework/src/Illuminate/Console/Command.php(249): Symfony\\Component\\Console\\Command\\Command->run(Object(Symfony\\Component\\Console\\Input\\ArgvInput), Object(Illuminate\\Console\\OutputStyle))
#20 /home/reyyhzn/245150701111005-nayla-rayhana-zahrany-utptis/vendor/symfony/console/Application.php(1107): Illuminate\\Console\\Command->run(Object(Symfony\\Component\\Console\\Input\\ArgvInput), Object(Symfony\\Component\\Console\\Output\\ConsoleOutput))
#21 /home/reyyhzn/245150701111005-nayla-rayhana-zahrany-utptis/vendor/symfony/console/Application.php(356): Symfony\\Component\\Console\\Application->doRunCommand(Object(L5Swagger\\Console\\GenerateDocsCommand), Object(Symfony\\Component\\Console\\Input\\ArgvInput), Object(Symfony\\Component\\Console\\Output\\ConsoleOutput))
#22 /home/reyyhzn/245150701111005-nayla-rayhana-zahrany-utptis/vendor/symfony/console/Application.php(195): Symfony\\Component\\Console\\Application->doRun(Object(Symfony\\Component\\Console\\Input\\ArgvInput), Object(Symfony\\Component\\Console\\Output\\ConsoleOutput))
#23 /home/reyyhzn/245150701111005-nayla-rayhana-zahrany-utptis/vendor/laravel/framework/src/Illuminate/Foundation/Console/Kernel.php(198): Symfony\\Component\\Console\\Application->run(Object(Symfony\\Component\\Console\\Input\\ArgvInput), Object(Symfony\\Component\\Console\\Output\\ConsoleOutput))
#24 /home/reyyhzn/245150701111005-nayla-rayhana-zahrany-utptis/vendor/laravel/framework/src/Illuminate/Foundation/Application.php(1235): Illuminate\\Foundation\\Console\\Kernel->handle(Object(Symfony\\Component\\Console\\Input\\ArgvInput), Object(Symfony\\Component\\Console\\Output\\ConsoleOutput))
#25 /home/reyyhzn/245150701111005-nayla-rayhana-zahrany-utptis/artisan(16): Illuminate\\Foundation\\Application->handleCommand(Object(Symfony\\Component\\Console\\Input\\ArgvInput))
#26 {main}
"} 
[2026-04-19 10:52:05] local.ERROR: Required @OA\Info() not found {"exception":"[object] (ErrorException(code: 0): Required @OA\\Info() not found at /home/reyyhzn/245150701111005-nayla-rayhana-zahrany-utptis/vendor/zircote/swagger-php/src/Loggers/DefaultLogger.php:23)
[stacktrace]
#0 /home/reyyhzn/245150701111005-nayla-rayhana-zahrany-utptis/vendor/laravel/framework/src/Illuminate/Foundation/Bootstrap/HandleExceptions.php(258): Illuminate\\Foundation\\Bootstrap\\HandleExceptions->handleError(512, 'Required @OA\\\\In...', '/home/reyyhzn/2...', 23)
#1 [internal function]: Illuminate\\Foundation\\Bootstrap\\HandleExceptions->{closure:Illuminate\\Foundation\\Bootstrap\\HandleExceptions::forwardsTo():257}(512, 'Required @OA\\\\In...', '/home/reyyhzn/2...', 23)
#2 /home/reyyhzn/245150701111005-nayla-rayhana-zahrany-utptis/vendor/zircote/swagger-php/src/Loggers/DefaultLogger.php(23): trigger_error('Required @OA\\\\In...', 512)
#3 /home/reyyhzn/245150701111005-nayla-rayhana-zahrany-utptis/vendor/psr/log/src/LoggerTrait.php(61): OpenApi\\Loggers\\DefaultLogger->log('warning', 'Required @OA\\\\In...', Array)
#4 /home/reyyhzn/245150701111005-nayla-rayhana-zahrany-utptis/vendor/zircote/swagger-php/src/Annotations/AbstractAnnotation.php(549): Psr\\Log\\AbstractLogger->warning('Required @OA\\\\In...')
#5 /home/reyyhzn/245150701111005-nayla-rayhana-zahrany-utptis/vendor/zircote/swagger-php/src/Annotations/OpenApi.php(162): OpenApi\\Annotations\\AbstractAnnotation->validate(Object(OpenApi\\Analysis), '3.0.0', Object(stdClass))
#6 /home/reyyhzn/245150701111005-nayla-rayhana-zahrany-utptis/vendor/zircote/swagger-php/src/Analysis.php(402): OpenApi\\Annotations\\OpenApi->validate(Object(OpenApi\\Analysis), '3.0.0', Object(stdClass))
#7 /home/reyyhzn/245150701111005-nayla-rayhana-zahrany-utptis/vendor/zircote/swagger-php/src/Generator.php(408): OpenApi\\Analysis->validate()
#8 /home/reyyhzn/245150701111005-nayla-rayhana-zahrany-utptis/vendor/darkaonline/l5-swagger/src/Generator.php(177): OpenApi\\Generator->generate(Object(OpenApi\\SourceFinder), Object(OpenApi\\Analysis))
#9 /home/reyyhzn/245150701111005-nayla-rayhana-zahrany-utptis/vendor/darkaonline/l5-swagger/src/Generator.php(118): L5Swagger\\Generator->scanFilesForDocumentation()
#10 /home/reyyhzn/245150701111005-nayla-rayhana-zahrany-utptis/vendor/darkaonline/l5-swagger/src/Console/GenerateDocsCommand.php(73): L5Swagger\\Generator->generateDocs()
#11 /home/reyyhzn/245150701111005-nayla-rayhana-zahrany-utptis/vendor/darkaonline/l5-swagger/src/Console/GenerateDocsCommand.php(56): L5Swagger\\Console\\GenerateDocsCommand->generateDocumentation(Object(L5Swagger\\GeneratorFactory), 'default')
#12 /home/reyyhzn/245150701111005-nayla-rayhana-zahrany-utptis/vendor/laravel/framework/src/Illuminate/Container/BoundMethod.php(36): L5Swagger\\Console\\GenerateDocsCommand->handle(Object(L5Swagger\\GeneratorFactory))
#13 /home/reyyhzn/245150701111005-nayla-rayhana-zahrany-utptis/vendor/laravel/framework/src/Illuminate/Container/Util.php(43): Illuminate\\Container\\BoundMethod::{closure:Illuminate\\Container\\BoundMethod::call():35}()
#14 /home/reyyhzn/245150701111005-nayla-rayhana-zahrany-utptis/vendor/laravel/framework/src/Illuminate/Container/BoundMethod.php(96): Illuminate\\Container\\Util::unwrapIfClosure(Object(Closure))
#15 /home/reyyhzn/245150701111005-nayla-rayhana-zahrany-utptis/vendor/laravel/framework/src/Illuminate/Container/BoundMethod.php(35): Illuminate\\Container\\BoundMethod::callBoundMethod(Object(Illuminate\\Foundation\\Application), Array, Object(Closure))
#16 /home/reyyhzn/245150701111005-nayla-rayhana-zahrany-utptis/vendor/laravel/framework/src/Illuminate/Container/Container.php(799): Illuminate\\Container\\BoundMethod::call(Object(Illuminate\\Foundation\\Application), Array, Array, NULL)
#17 /home/reyyhzn/245150701111005-nayla-rayhana-zahrany-utptis/vendor/laravel/framework/src/Illuminate/Console/Command.php(280): Illuminate\\Container\\Container->call(Array)
#18 /home/reyyhzn/245150701111005-nayla-rayhana-zahrany-utptis/vendor/symfony/console/Command/Command.php(291): Illuminate\\Console\\Command->execute(Object(Symfony\\Component\\Console\\Input\\ArgvInput), Object(Illuminate\\Console\\OutputStyle))
#19 /home/reyyhzn/245150701111005-nayla-rayhana-zahrany-utptis/vendor/laravel/framework/src/Illuminate/Console/Command.php(249): Symfony\\Component\\Console\\Command\\Command->run(Object(Symfony\\Component\\Console\\Input\\ArgvInput), Object(Illuminate\\Console\\OutputStyle))
#20 /home/reyyhzn/245150701111005-nayla-rayhana-zahrany-utptis/vendor/symfony/console/Application.php(1107): Illuminate\\Console\\Command->run(Object(Symfony\\Component\\Console\\Input\\ArgvInput), Object(Symfony\\Component\\Console\\Output\\ConsoleOutput))
#21 /home/reyyhzn/245150701111005-nayla-rayhana-zahrany-utptis/vendor/symfony/console/Application.php(356): Symfony\\Component\\Console\\Application->doRunCommand(Object(L5Swagger\\Console\\GenerateDocsCommand), Object(Symfony\\Component\\Console\\Input\\ArgvInput), Object(Symfony\\Component\\Console\\Output\\ConsoleOutput))
#22 /home/reyyhzn/245150701111005-nayla-rayhana-zahrany-utptis/vendor/symfony/console/Application.php(195): Symfony\\Component\\Console\\Application->doRun(Object(Symfony\\Component\\Console\\Input\\ArgvInput), Object(Symfony\\Component\\Console\\Output\\ConsoleOutput))
#23 /home/reyyhzn/245150701111005-nayla-rayhana-zahrany-utptis/vendor/laravel/framework/src/Illuminate/Foundation/Console/Kernel.php(198): Symfony\\Component\\Console\\Application->run(Object(Symfony\\Component\\Console\\Input\\ArgvInput), Object(Symfony\\Component\\Console\\Output\\ConsoleOutput))
#24 /home/reyyhzn/245150701111005-nayla-rayhana-zahrany-utptis/vendor/laravel/framework/src/Illuminate/Foundation/Application.php(1235): Illuminate\\Foundation\\Console\\Kernel->handle(Object(Symfony\\Component\\Console\\Input\\ArgvInput), Object(Symfony\\Component\\Console\\Output\\ConsoleOutput))
#25 /home/reyyhzn/245150701111005-nayla-rayhana-zahrany-utptis/artisan(16): Illuminate\\Foundation\\Application->handleCommand(Object(Symfony\\Component\\Console\\Input\\ArgvInput))
#26 {main}
"} 
[2026-04-19 10:52:51] local.ERROR: Required @OA\Info() not found {"exception":"[object] (ErrorException(code: 0): Required @OA\\Info() not found at /home/reyyhzn/245150701111005-nayla-rayhana-zahrany-utptis/vendor/zircote/swagger-php/src/Loggers/DefaultLogger.php:23)
[stacktrace]
#0 /home/reyyhzn/245150701111005-nayla-rayhana-zahrany-utptis/vendor/laravel/framework/src/Illuminate/Foundation/Bootstrap/HandleExceptions.php(258): Illuminate\\Foundation\\Bootstrap\\HandleExceptions->handleError(512, 'Required @OA\\\\In...', '/home/reyyhzn/2...', 23)
#1 [internal function]: Illuminate\\Foundation\\Bootstrap\\HandleExceptions->{closure:Illuminate\\Foundation\\Bootstrap\\HandleExceptions::forwardsTo():257}(512, 'Required @OA\\\\In...', '/home/reyyhzn/2...', 23)
#2 /home/reyyhzn/245150701111005-nayla-rayhana-zahrany-utptis/vendor/zircote/swagger-php/src/Loggers/DefaultLogger.php(23): trigger_error('Required @OA\\\\In...', 512)
#3 /home/reyyhzn/245150701111005-nayla-rayhana-zahrany-utptis/vendor/psr/log/src/LoggerTrait.php(61): OpenApi\\Loggers\\DefaultLogger->log('warning', 'Required @OA\\\\In...', Array)
#4 /home/reyyhzn/245150701111005-nayla-rayhana-zahrany-utptis/vendor/zircote/swagger-php/src/Annotations/AbstractAnnotation.php(549): Psr\\Log\\AbstractLogger->warning('Required @OA\\\\In...')
#5 /home/reyyhzn/245150701111005-nayla-rayhana-zahrany-utptis/vendor/zircote/swagger-php/src/Annotations/OpenApi.php(162): OpenApi\\Annotations\\AbstractAnnotation->validate(Object(OpenApi\\Analysis), '3.0.0', Object(stdClass))
#6 /home/reyyhzn/245150701111005-nayla-rayhana-zahrany-utptis/vendor/zircote/swagger-php/src/Analysis.php(402): OpenApi\\Annotations\\OpenApi->validate(Object(OpenApi\\Analysis), '3.0.0', Object(stdClass))
#7 /home/reyyhzn/245150701111005-nayla-rayhana-zahrany-utptis/vendor/zircote/swagger-php/src/Generator.php(408): OpenApi\\Analysis->validate()
#8 /home/reyyhzn/245150701111005-nayla-rayhana-zahrany-utptis/vendor/darkaonline/l5-swagger/src/Generator.php(177): OpenApi\\Generator->generate(Object(OpenApi\\SourceFinder), Object(OpenApi\\Analysis))
#9 /home/reyyhzn/245150701111005-nayla-rayhana-zahrany-utptis/vendor/darkaonline/l5-swagger/src/Generator.php(118): L5Swagger\\Generator->scanFilesForDocumentation()
#10 /home/reyyhzn/245150701111005-nayla-rayhana-zahrany-utptis/vendor/darkaonline/l5-swagger/src/Console/GenerateDocsCommand.php(73): L5Swagger\\Generator->generateDocs()
#11 /home/reyyhzn/245150701111005-nayla-rayhana-zahrany-utptis/vendor/darkaonline/l5-swagger/src/Console/GenerateDocsCommand.php(56): L5Swagger\\Console\\GenerateDocsCommand->generateDocumentation(Object(L5Swagger\\GeneratorFactory), 'default')
#12 /home/reyyhzn/245150701111005-nayla-rayhana-zahrany-utptis/vendor/laravel/framework/src/Illuminate/Container/BoundMethod.php(36): L5Swagger\\Console\\GenerateDocsCommand->handle(Object(L5Swagger\\GeneratorFactory))
#13 /home/reyyhzn/245150701111005-nayla-rayhana-zahrany-utptis/vendor/laravel/framework/src/Illuminate/Container/Util.php(43): Illuminate\\Container\\BoundMethod::{closure:Illuminate\\Container\\BoundMethod::call():35}()
#14 /home/reyyhzn/245150701111005-nayla-rayhana-zahrany-utptis/vendor/laravel/framework/src/Illuminate/Container/BoundMethod.php(96): Illuminate\\Container\\Util::unwrapIfClosure(Object(Closure))
#15 /home/reyyhzn/245150701111005-nayla-rayhana-zahrany-utptis/vendor/laravel/framework/src/Illuminate/Container/BoundMethod.php(35): Illuminate\\Container\\BoundMethod::callBoundMethod(Object(Illuminate\\Foundation\\Application), Array, Object(Closure))
#16 /home/reyyhzn/245150701111005-nayla-rayhana-zahrany-utptis/vendor/laravel/framework/src/Illuminate/Container/Container.php(799): Illuminate\\Container\\BoundMethod::call(Object(Illuminate\\Foundation\\Application), Array, Array, NULL)
#17 /home/reyyhzn/245150701111005-nayla-rayhana-zahrany-utptis/vendor/laravel/framework/src/Illuminate/Console/Command.php(280): Illuminate\\Container\\Container->call(Array)
#18 /home/reyyhzn/245150701111005-nayla-rayhana-zahrany-utptis/vendor/symfony/console/Command/Command.php(291): Illuminate\\Console\\Command->execute(Object(Symfony\\Component\\Console\\Input\\ArgvInput), Object(Illuminate\\Console\\OutputStyle))
#19 /home/reyyhzn/245150701111005-nayla-rayhana-zahrany-utptis/vendor/laravel/framework/src/Illuminate/Console/Command.php(249): Symfony\\Component\\Console\\Command\\Command->run(Object(Symfony\\Component\\Console\\Input\\ArgvInput), Object(Illuminate\\Console\\OutputStyle))
#20 /home/reyyhzn/245150701111005-nayla-rayhana-zahrany-utptis/vendor/symfony/console/Application.php(1107): Illuminate\\Console\\Command->run(Object(Symfony\\Component\\Console\\Input\\ArgvInput), Object(Symfony\\Component\\Console\\Output\\ConsoleOutput))
#21 /home/reyyhzn/245150701111005-nayla-rayhana-zahrany-utptis/vendor/symfony/console/Application.php(356): Symfony\\Component\\Console\\Application->doRunCommand(Object(L5Swagger\\Console\\GenerateDocsCommand), Object(Symfony\\Component\\Console\\Input\\ArgvInput), Object(Symfony\\Component\\Console\\Output\\ConsoleOutput))
#22 /home/reyyhzn/245150701111005-nayla-rayhana-zahrany-utptis/vendor/symfony/console/Application.php(195): Symfony\\Component\\Console\\Application->doRun(Object(Symfony\\Component\\Console\\Input\\ArgvInput), Object(Symfony\\Component\\Console\\Output\\ConsoleOutput))
#23 /home/reyyhzn/245150701111005-nayla-rayhana-zahrany-utptis/vendor/laravel/framework/src/Illuminate/Foundation/Console/Kernel.php(198): Symfony\\Component\\Console\\Application->run(Object(Symfony\\Component\\Console\\Input\\ArgvInput), Object(Symfony\\Component\\Console\\Output\\ConsoleOutput))
#24 /home/reyyhzn/245150701111005-nayla-rayhana-zahrany-utptis/vendor/laravel/framework/src/Illuminate/Foundation/Application.php(1235): Illuminate\\Foundation\\Console\\Kernel->handle(Object(Symfony\\Component\\Console\\Input\\ArgvInput), Object(Symfony\\Component\\Console\\Output\\ConsoleOutput))
#25 /home/reyyhzn/245150701111005-nayla-rayhana-zahrany-utptis/artisan(16): Illuminate\\Foundation\\Application->handleCommand(Object(Symfony\\Component\\Console\\Input\\ArgvInput))
#26 {main}
"} 
[2026-04-19 10:54:07] local.ERROR: Required @OA\Info() not found {"exception":"[object] (ErrorException(code: 0): Required @OA\\Info() not found at /home/reyyhzn/245150701111005-nayla-rayhana-zahrany-utptis/vendor/zircote/swagger-php/src/Loggers/DefaultLogger.php:23)
[stacktrace]
#0 /home/reyyhzn/245150701111005-nayla-rayhana-zahrany-utptis/vendor/laravel/framework/src/Illuminate/Foundation/Bootstrap/HandleExceptions.php(258): Illuminate\\Foundation\\Bootstrap\\HandleExceptions->handleError(512, 'Required @OA\\\\In...', '/home/reyyhzn/2...', 23)
#1 [internal function]: Illuminate\\Foundation\\Bootstrap\\HandleExceptions->{closure:Illuminate\\Foundation\\Bootstrap\\HandleExceptions::forwardsTo():257}(512, 'Required @OA\\\\In...', '/home/reyyhzn/2...', 23)
#2 /home/reyyhzn/245150701111005-nayla-rayhana-zahrany-utptis/vendor/zircote/swagger-php/src/Loggers/DefaultLogger.php(23): trigger_error('Required @OA\\\\In...', 512)
#3 /home/reyyhzn/245150701111005-nayla-rayhana-zahrany-utptis/vendor/psr/log/src/LoggerTrait.php(61): OpenApi\\Loggers\\DefaultLogger->log('warning', 'Required @OA\\\\In...', Array)
#4 /home/reyyhzn/245150701111005-nayla-rayhana-zahrany-utptis/vendor/zircote/swagger-php/src/Annotations/AbstractAnnotation.php(549): Psr\\Log\\AbstractLogger->warning('Required @OA\\\\In...')
#5 /home/reyyhzn/245150701111005-nayla-rayhana-zahrany-utptis/vendor/zircote/swagger-php/src/Annotations/OpenApi.php(162): OpenApi\\Annotations\\AbstractAnnotation->validate(Object(OpenApi\\Analysis), '3.0.0', Object(stdClass))
#6 /home/reyyhzn/245150701111005-nayla-rayhana-zahrany-utptis/vendor/zircote/swagger-php/src/Analysis.php(402): OpenApi\\Annotations\\OpenApi->validate(Object(OpenApi\\Analysis), '3.0.0', Object(stdClass))
#7 /home/reyyhzn/245150701111005-nayla-rayhana-zahrany-utptis/vendor/zircote/swagger-php/src/Generator.php(408): OpenApi\\Analysis->validate()
#8 /home/reyyhzn/245150701111005-nayla-rayhana-zahrany-utptis/vendor/darkaonline/l5-swagger/src/Generator.php(177): OpenApi\\Generator->generate(Object(OpenApi\\SourceFinder), Object(OpenApi\\Analysis))
#9 /home/reyyhzn/245150701111005-nayla-rayhana-zahrany-utptis/vendor/darkaonline/l5-swagger/src/Generator.php(118): L5Swagger\\Generator->scanFilesForDocumentation()
#10 /home/reyyhzn/245150701111005-nayla-rayhana-zahrany-utptis/vendor/darkaonline/l5-swagger/src/Console/GenerateDocsCommand.php(73): L5Swagger\\Generator->generateDocs()
#11 /home/reyyhzn/245150701111005-nayla-rayhana-zahrany-utptis/vendor/darkaonline/l5-swagger/src/Console/GenerateDocsCommand.php(56): L5Swagger\\Console\\GenerateDocsCommand->generateDocumentation(Object(L5Swagger\\GeneratorFactory), 'default')
#12 /home/reyyhzn/245150701111005-nayla-rayhana-zahrany-utptis/vendor/laravel/framework/src/Illuminate/Container/BoundMethod.php(36): L5Swagger\\Console\\GenerateDocsCommand->handle(Object(L5Swagger\\GeneratorFactory))
#13 /home/reyyhzn/245150701111005-nayla-rayhana-zahrany-utptis/vendor/laravel/framework/src/Illuminate/Container/Util.php(43): Illuminate\\Container\\BoundMethod::{closure:Illuminate\\Container\\BoundMethod::call():35}()
#14 /home/reyyhzn/245150701111005-nayla-rayhana-zahrany-utptis/vendor/laravel/framework/src/Illuminate/Container/BoundMethod.php(96): Illuminate\\Container\\Util::unwrapIfClosure(Object(Closure))
#15 /home/reyyhzn/245150701111005-nayla-rayhana-zahrany-utptis/vendor/laravel/framework/src/Illuminate/Container/BoundMethod.php(35): Illuminate\\Container\\BoundMethod::callBoundMethod(Object(Illuminate\\Foundation\\Application), Array, Object(Closure))
#16 /home/reyyhzn/245150701111005-nayla-rayhana-zahrany-utptis/vendor/laravel/framework/src/Illuminate/Container/Container.php(799): Illuminate\\Container\\BoundMethod::call(Object(Illuminate\\Foundation\\Application), Array, Array, NULL)
#17 /home/reyyhzn/245150701111005-nayla-rayhana-zahrany-utptis/vendor/laravel/framework/src/Illuminate/Console/Command.php(280): Illuminate\\Container\\Container->call(Array)
#18 /home/reyyhzn/245150701111005-nayla-rayhana-zahrany-utptis/vendor/symfony/console/Command/Command.php(291): Illuminate\\Console\\Command->execute(Object(Symfony\\Component\\Console\\Input\\ArgvInput), Object(Illuminate\\Console\\OutputStyle))
#19 /home/reyyhzn/245150701111005-nayla-rayhana-zahrany-utptis/vendor/laravel/framework/src/Illuminate/Console/Command.php(249): Symfony\\Component\\Console\\Command\\Command->run(Object(Symfony\\Component\\Console\\Input\\ArgvInput), Object(Illuminate\\Console\\OutputStyle))
#20 /home/reyyhzn/245150701111005-nayla-rayhana-zahrany-utptis/vendor/symfony/console/Application.php(1107): Illuminate\\Console\\Command->run(Object(Symfony\\Component\\Console\\Input\\ArgvInput), Object(Symfony\\Component\\Console\\Output\\ConsoleOutput))
#21 /home/reyyhzn/245150701111005-nayla-rayhana-zahrany-utptis/vendor/symfony/console/Application.php(356): Symfony\\Component\\Console\\Application->doRunCommand(Object(L5Swagger\\Console\\GenerateDocsCommand), Object(Symfony\\Component\\Console\\Input\\ArgvInput), Object(Symfony\\Component\\Console\\Output\\ConsoleOutput))
#22 /home/reyyhzn/245150701111005-nayla-rayhana-zahrany-utptis/vendor/symfony/console/Application.php(195): Symfony\\Component\\Console\\Application->doRun(Object(Symfony\\Component\\Console\\Input\\ArgvInput), Object(Symfony\\Component\\Console\\Output\\ConsoleOutput))
#23 /home/reyyhzn/245150701111005-nayla-rayhana-zahrany-utptis/vendor/laravel/framework/src/Illuminate/Foundation/Console/Kernel.php(198): Symfony\\Component\\Console\\Application->run(Object(Symfony\\Component\\Console\\Input\\ArgvInput), Object(Symfony\\Component\\Console\\Output\\ConsoleOutput))
#24 /home/reyyhzn/245150701111005-nayla-rayhana-zahrany-utptis/vendor/laravel/framework/src/Illuminate/Foundation/Application.php(1235): Illuminate\\Foundation\\Console\\Kernel->handle(Object(Symfony\\Component\\Console\\Input\\ArgvInput), Object(Symfony\\Component\\Console\\Output\\ConsoleOutput))
#25 /home/reyyhzn/245150701111005-nayla-rayhana-zahrany-utptis/artisan(16): Illuminate\\Foundation\\Application->handleCommand(Object(Symfony\\Component\\Console\\Input\\ArgvInput))
#26 {main}
"} 
[2026-04-19 10:55:03] local.ERROR: Required @OA\Info() not found {"exception":"[object] (ErrorException(code: 0): Required @OA\\Info() not found at /home/reyyhzn/245150701111005-nayla-rayhana-zahrany-utptis/vendor/zircote/swagger-php/src/Loggers/DefaultLogger.php:23)
[stacktrace]
#0 /home/reyyhzn/245150701111005-nayla-rayhana-zahrany-utptis/vendor/laravel/framework/src/Illuminate/Foundation/Bootstrap/HandleExceptions.php(258): Illuminate\\Foundation\\Bootstrap\\HandleExceptions->handleError(512, 'Required @OA\\\\In...', '/home/reyyhzn/2...', 23)
#1 [internal function]: Illuminate\\Foundation\\Bootstrap\\HandleExceptions->{closure:Illuminate\\Foundation\\Bootstrap\\HandleExceptions::forwardsTo():257}(512, 'Required @OA\\\\In...', '/home/reyyhzn/2...', 23)
#2 /home/reyyhzn/245150701111005-nayla-rayhana-zahrany-utptis/vendor/zircote/swagger-php/src/Loggers/DefaultLogger.php(23): trigger_error('Required @OA\\\\In...', 512)
#3 /home/reyyhzn/245150701111005-nayla-rayhana-zahrany-utptis/vendor/psr/log/src/LoggerTrait.php(61): OpenApi\\Loggers\\DefaultLogger->log('warning', 'Required @OA\\\\In...', Array)
#4 /home/reyyhzn/245150701111005-nayla-rayhana-zahrany-utptis/vendor/zircote/swagger-php/src/Annotations/AbstractAnnotation.php(549): Psr\\Log\\AbstractLogger->warning('Required @OA\\\\In...')
#5 /home/reyyhzn/245150701111005-nayla-rayhana-zahrany-utptis/vendor/zircote/swagger-php/src/Annotations/OpenApi.php(162): OpenApi\\Annotations\\AbstractAnnotation->validate(Object(OpenApi\\Analysis), '3.0.0', Object(stdClass))
#6 /home/reyyhzn/245150701111005-nayla-rayhana-zahrany-utptis/vendor/zircote/swagger-php/src/Analysis.php(402): OpenApi\\Annotations\\OpenApi->validate(Object(OpenApi\\Analysis), '3.0.0', Object(stdClass))
#7 /home/reyyhzn/245150701111005-nayla-rayhana-zahrany-utptis/vendor/zircote/swagger-php/src/Generator.php(408): OpenApi\\Analysis->validate()
#8 /home/reyyhzn/245150701111005-nayla-rayhana-zahrany-utptis/vendor/darkaonline/l5-swagger/src/Generator.php(177): OpenApi\\Generator->generate(Object(OpenApi\\SourceFinder), Object(OpenApi\\Analysis))
#9 /home/reyyhzn/245150701111005-nayla-rayhana-zahrany-utptis/vendor/darkaonline/l5-swagger/src/Generator.php(118): L5Swagger\\Generator->scanFilesForDocumentation()
#10 /home/reyyhzn/245150701111005-nayla-rayhana-zahrany-utptis/vendor/darkaonline/l5-swagger/src/Console/GenerateDocsCommand.php(73): L5Swagger\\Generator->generateDocs()
#11 /home/reyyhzn/245150701111005-nayla-rayhana-zahrany-utptis/vendor/darkaonline/l5-swagger/src/Console/GenerateDocsCommand.php(56): L5Swagger\\Console\\GenerateDocsCommand->generateDocumentation(Object(L5Swagger\\GeneratorFactory), 'default')
#12 /home/reyyhzn/245150701111005-nayla-rayhana-zahrany-utptis/vendor/laravel/framework/src/Illuminate/Container/BoundMethod.php(36): L5Swagger\\Console\\GenerateDocsCommand->handle(Object(L5Swagger\\GeneratorFactory))
#13 /home/reyyhzn/245150701111005-nayla-rayhana-zahrany-utptis/vendor/laravel/framework/src/Illuminate/Container/Util.php(43): Illuminate\\Container\\BoundMethod::{closure:Illuminate\\Container\\BoundMethod::call():35}()
#14 /home/reyyhzn/245150701111005-nayla-rayhana-zahrany-utptis/vendor/laravel/framework/src/Illuminate/Container/BoundMethod.php(96): Illuminate\\Container\\Util::unwrapIfClosure(Object(Closure))
#15 /home/reyyhzn/245150701111005-nayla-rayhana-zahrany-utptis/vendor/laravel/framework/src/Illuminate/Container/BoundMethod.php(35): Illuminate\\Container\\BoundMethod::callBoundMethod(Object(Illuminate\\Foundation\\Application), Array, Object(Closure))
#16 /home/reyyhzn/245150701111005-nayla-rayhana-zahrany-utptis/vendor/laravel/framework/src/Illuminate/Container/Container.php(799): Illuminate\\Container\\BoundMethod::call(Object(Illuminate\\Foundation\\Application), Array, Array, NULL)
#17 /home/reyyhzn/245150701111005-nayla-rayhana-zahrany-utptis/vendor/laravel/framework/src/Illuminate/Console/Command.php(280): Illuminate\\Container\\Container->call(Array)
#18 /home/reyyhzn/245150701111005-nayla-rayhana-zahrany-utptis/vendor/symfony/console/Command/Command.php(291): Illuminate\\Console\\Command->execute(Object(Symfony\\Component\\Console\\Input\\ArgvInput), Object(Illuminate\\Console\\OutputStyle))
#19 /home/reyyhzn/245150701111005-nayla-rayhana-zahrany-utptis/vendor/laravel/framework/src/Illuminate/Console/Command.php(249): Symfony\\Component\\Console\\Command\\Command->run(Object(Symfony\\Component\\Console\\Input\\ArgvInput), Object(Illuminate\\Console\\OutputStyle))
#20 /home/reyyhzn/245150701111005-nayla-rayhana-zahrany-utptis/vendor/symfony/console/Application.php(1107): Illuminate\\Console\\Command->run(Object(Symfony\\Component\\Console\\Input\\ArgvInput), Object(Symfony\\Component\\Console\\Output\\ConsoleOutput))
#21 /home/reyyhzn/245150701111005-nayla-rayhana-zahrany-utptis/vendor/symfony/console/Application.php(356): Symfony\\Component\\Console\\Application->doRunCommand(Object(L5Swagger\\Console\\GenerateDocsCommand), Object(Symfony\\Component\\Console\\Input\\ArgvInput), Object(Symfony\\Component\\Console\\Output\\ConsoleOutput))
#22 /home/reyyhzn/245150701111005-nayla-rayhana-zahrany-utptis/vendor/symfony/console/Application.php(195): Symfony\\Component\\Console\\Application->doRun(Object(Symfony\\Component\\Console\\Input\\ArgvInput), Object(Symfony\\Component\\Console\\Output\\ConsoleOutput))
#23 /home/reyyhzn/245150701111005-nayla-rayhana-zahrany-utptis/vendor/laravel/framework/src/Illuminate/Foundation/Console/Kernel.php(198): Symfony\\Component\\Console\\Application->run(Object(Symfony\\Component\\Console\\Input\\ArgvInput), Object(Symfony\\Component\\Console\\Output\\ConsoleOutput))
#24 /home/reyyhzn/245150701111005-nayla-rayhana-zahrany-utptis/vendor/laravel/framework/src/Illuminate/Foundation/Application.php(1235): Illuminate\\Foundation\\Console\\Kernel->handle(Object(Symfony\\Component\\Console\\Input\\ArgvInput), Object(Symfony\\Component\\Console\\Output\\ConsoleOutput))
#25 /home/reyyhzn/245150701111005-nayla-rayhana-zahrany-utptis/artisan(16): Illuminate\\Foundation\\Application->handleCommand(Object(Symfony\\Component\\Console\\Input\\ArgvInput))
#26 {main}
"} 
[2026-04-19 10:55:48] local.ERROR: Required @OA\Info() not found {"exception":"[object] (ErrorException(code: 0): Required @OA\\Info() not found at /home/reyyhzn/245150701111005-nayla-rayhana-zahrany-utptis/vendor/zircote/swagger-php/src/Loggers/DefaultLogger.php:23)
[stacktrace]
#0 /home/reyyhzn/245150701111005-nayla-rayhana-zahrany-utptis/vendor/laravel/framework/src/Illuminate/Foundation/Bootstrap/HandleExceptions.php(258): Illuminate\\Foundation\\Bootstrap\\HandleExceptions->handleError(512, 'Required @OA\\\\In...', '/home/reyyhzn/2...', 23)
#1 [internal function]: Illuminate\\Foundation\\Bootstrap\\HandleExceptions->{closure:Illuminate\\Foundation\\Bootstrap\\HandleExceptions::forwardsTo():257}(512, 'Required @OA\\\\In...', '/home/reyyhzn/2...', 23)
#2 /home/reyyhzn/245150701111005-nayla-rayhana-zahrany-utptis/vendor/zircote/swagger-php/src/Loggers/DefaultLogger.php(23): trigger_error('Required @OA\\\\In...', 512)
#3 /home/reyyhzn/245150701111005-nayla-rayhana-zahrany-utptis/vendor/psr/log/src/LoggerTrait.php(61): OpenApi\\Loggers\\DefaultLogger->log('warning', 'Required @OA\\\\In...', Array)
#4 /home/reyyhzn/245150701111005-nayla-rayhana-zahrany-utptis/vendor/zircote/swagger-php/src/Annotations/AbstractAnnotation.php(549): Psr\\Log\\AbstractLogger->warning('Required @OA\\\\In...')
#5 /home/reyyhzn/245150701111005-nayla-rayhana-zahrany-utptis/vendor/zircote/swagger-php/src/Annotations/OpenApi.php(162): OpenApi\\Annotations\\AbstractAnnotation->validate(Object(OpenApi\\Analysis), '3.0.0', Object(stdClass))
#6 /home/reyyhzn/245150701111005-nayla-rayhana-zahrany-utptis/vendor/zircote/swagger-php/src/Analysis.php(402): OpenApi\\Annotations\\OpenApi->validate(Object(OpenApi\\Analysis), '3.0.0', Object(stdClass))
#7 /home/reyyhzn/245150701111005-nayla-rayhana-zahrany-utptis/vendor/zircote/swagger-php/src/Generator.php(408): OpenApi\\Analysis->validate()
#8 /home/reyyhzn/245150701111005-nayla-rayhana-zahrany-utptis/vendor/darkaonline/l5-swagger/src/Generator.php(177): OpenApi\\Generator->generate(Object(OpenApi\\SourceFinder), Object(OpenApi\\Analysis))
#9 /home/reyyhzn/245150701111005-nayla-rayhana-zahrany-utptis/vendor/darkaonline/l5-swagger/src/Generator.php(118): L5Swagger\\Generator->scanFilesForDocumentation()
#10 /home/reyyhzn/245150701111005-nayla-rayhana-zahrany-utptis/vendor/darkaonline/l5-swagger/src/Console/GenerateDocsCommand.php(73): L5Swagger\\Generator->generateDocs()
#11 /home/reyyhzn/245150701111005-nayla-rayhana-zahrany-utptis/vendor/darkaonline/l5-swagger/src/Console/GenerateDocsCommand.php(56): L5Swagger\\Console\\GenerateDocsCommand->generateDocumentation(Object(L5Swagger\\GeneratorFactory), 'default')
#12 /home/reyyhzn/245150701111005-nayla-rayhana-zahrany-utptis/vendor/laravel/framework/src/Illuminate/Container/BoundMethod.php(36): L5Swagger\\Console\\GenerateDocsCommand->handle(Object(L5Swagger\\GeneratorFactory))
#13 /home/reyyhzn/245150701111005-nayla-rayhana-zahrany-utptis/vendor/laravel/framework/src/Illuminate/Container/Util.php(43): Illuminate\\Container\\BoundMethod::{closure:Illuminate\\Container\\BoundMethod::call():35}()
#14 /home/reyyhzn/245150701111005-nayla-rayhana-zahrany-utptis/vendor/laravel/framework/src/Illuminate/Container/BoundMethod.php(96): Illuminate\\Container\\Util::unwrapIfClosure(Object(Closure))
#15 /home/reyyhzn/245150701111005-nayla-rayhana-zahrany-utptis/vendor/laravel/framework/src/Illuminate/Container/BoundMethod.php(35): Illuminate\\Container\\BoundMethod::callBoundMethod(Object(Illuminate\\Foundation\\Application), Array, Object(Closure))
#16 /home/reyyhzn/245150701111005-nayla-rayhana-zahrany-utptis/vendor/laravel/framework/src/Illuminate/Container/Container.php(799): Illuminate\\Container\\BoundMethod::call(Object(Illuminate\\Foundation\\Application), Array, Array, NULL)
#17 /home/reyyhzn/245150701111005-nayla-rayhana-zahrany-utptis/vendor/laravel/framework/src/Illuminate/Console/Command.php(280): Illuminate\\Container\\Container->call(Array)
#18 /home/reyyhzn/245150701111005-nayla-rayhana-zahrany-utptis/vendor/symfony/console/Command/Command.php(291): Illuminate\\Console\\Command->execute(Object(Symfony\\Component\\Console\\Input\\ArgvInput), Object(Illuminate\\Console\\OutputStyle))
#19 /home/reyyhzn/245150701111005-nayla-rayhana-zahrany-utptis/vendor/laravel/framework/src/Illuminate/Console/Command.php(249): Symfony\\Component\\Console\\Command\\Command->run(Object(Symfony\\Component\\Console\\Input\\ArgvInput), Object(Illuminate\\Console\\OutputStyle))
#20 /home/reyyhzn/245150701111005-nayla-rayhana-zahrany-utptis/vendor/symfony/console/Application.php(1107): Illuminate\\Console\\Command->run(Object(Symfony\\Component\\Console\\Input\\ArgvInput), Object(Symfony\\Component\\Console\\Output\\ConsoleOutput))
#21 /home/reyyhzn/245150701111005-nayla-rayhana-zahrany-utptis/vendor/symfony/console/Application.php(356): Symfony\\Component\\Console\\Application->doRunCommand(Object(L5Swagger\\Console\\GenerateDocsCommand), Object(Symfony\\Component\\Console\\Input\\ArgvInput), Object(Symfony\\Component\\Console\\Output\\ConsoleOutput))
#22 /home/reyyhzn/245150701111005-nayla-rayhana-zahrany-utptis/vendor/symfony/console/Application.php(195): Symfony\\Component\\Console\\Application->doRun(Object(Symfony\\Component\\Console\\Input\\ArgvInput), Object(Symfony\\Component\\Console\\Output\\ConsoleOutput))
#23 /home/reyyhzn/245150701111005-nayla-rayhana-zahrany-utptis/vendor/laravel/framework/src/Illuminate/Foundation/Console/Kernel.php(198): Symfony\\Component\\Console\\Application->run(Object(Symfony\\Component\\Console\\Input\\ArgvInput), Object(Symfony\\Component\\Console\\Output\\ConsoleOutput))
#24 /home/reyyhzn/245150701111005-nayla-rayhana-zahrany-utptis/vendor/laravel/framework/src/Illuminate/Foundation/Application.php(1235): Illuminate\\Foundation\\Console\\Kernel->handle(Object(Symfony\\Component\\Console\\Input\\ArgvInput), Object(Symfony\\Component\\Console\\Output\\ConsoleOutput))
#25 /home/reyyhzn/245150701111005-nayla-rayhana-zahrany-utptis/artisan(16): Illuminate\\Foundation\\Application->handleCommand(Object(Symfony\\Component\\Console\\Input\\ArgvInput))
#26 {main}
"} 
[2026-04-19 10:57:23] local.ERROR: The "/home/reyyhzn/245150701111005-nayla-rayhana-zahrany-utptis/app/Http/Controllers/ItemController" directory does not exist. {"exception":"[object] (Symfony\\Component\\Finder\\Exception\\DirectoryNotFoundException(code: 0): The \"/home/reyyhzn/245150701111005-nayla-rayhana-zahrany-utptis/app/Http/Controllers/ItemController\" directory does not exist. at /home/reyyhzn/245150701111005-nayla-rayhana-zahrany-utptis/vendor/symfony/finder/Finder.php:648)
[stacktrace]
#0 /home/reyyhzn/245150701111005-nayla-rayhana-zahrany-utptis/vendor/zircote/swagger-php/src/SourceFinder.php(28): Symfony\\Component\\Finder\\Finder->in('/home/reyyhzn/2...')
#1 /home/reyyhzn/245150701111005-nayla-rayhana-zahrany-utptis/vendor/darkaonline/l5-swagger/src/Generator.php(271): OpenApi\\SourceFinder->__construct(Array, Array, '*.php')
#2 /home/reyyhzn/245150701111005-nayla-rayhana-zahrany-utptis/vendor/darkaonline/l5-swagger/src/Generator.php(172): L5Swagger\\Generator->createScanFinder()
#3 /home/reyyhzn/245150701111005-nayla-rayhana-zahrany-utptis/vendor/darkaonline/l5-swagger/src/Generator.php(118): L5Swagger\\Generator->scanFilesForDocumentation()
#4 /home/reyyhzn/245150701111005-nayla-rayhana-zahrany-utptis/vendor/darkaonline/l5-swagger/src/Console/GenerateDocsCommand.php(73): L5Swagger\\Generator->generateDocs()
#5 /home/reyyhzn/245150701111005-nayla-rayhana-zahrany-utptis/vendor/darkaonline/l5-swagger/src/Console/GenerateDocsCommand.php(56): L5Swagger\\Console\\GenerateDocsCommand->generateDocumentation(Object(L5Swagger\\GeneratorFactory), 'default')
#6 /home/reyyhzn/245150701111005-nayla-rayhana-zahrany-utptis/vendor/laravel/framework/src/Illuminate/Container/BoundMethod.php(36): L5Swagger\\Console\\GenerateDocsCommand->handle(Object(L5Swagger\\GeneratorFactory))
#7 /home/reyyhzn/245150701111005-nayla-rayhana-zahrany-utptis/vendor/laravel/framework/src/Illuminate/Container/Util.php(43): Illuminate\\Container\\BoundMethod::{closure:Illuminate\\Container\\BoundMethod::call():35}()
#8 /home/reyyhzn/245150701111005-nayla-rayhana-zahrany-utptis/vendor/laravel/framework/src/Illuminate/Container/BoundMethod.php(96): Illuminate\\Container\\Util::unwrapIfClosure(Object(Closure))
#9 /home/reyyhzn/245150701111005-nayla-rayhana-zahrany-utptis/vendor/laravel/framework/src/Illuminate/Container/BoundMethod.php(35): Illuminate\\Container\\BoundMethod::callBoundMethod(Object(Illuminate\\Foundation\\Application), Array, Object(Closure))
#10 /home/reyyhzn/245150701111005-nayla-rayhana-zahrany-utptis/vendor/laravel/framework/src/Illuminate/Container/Container.php(799): Illuminate\\Container\\BoundMethod::call(Object(Illuminate\\Foundation\\Application), Array, Array, NULL)
#11 /home/reyyhzn/245150701111005-nayla-rayhana-zahrany-utptis/vendor/laravel/framework/src/Illuminate/Console/Command.php(280): Illuminate\\Container\\Container->call(Array)
#12 /home/reyyhzn/245150701111005-nayla-rayhana-zahrany-utptis/vendor/symfony/console/Command/Command.php(291): Illuminate\\Console\\Command->execute(Object(Symfony\\Component\\Console\\Input\\ArgvInput), Object(Illuminate\\Console\\OutputStyle))
#13 /home/reyyhzn/245150701111005-nayla-rayhana-zahrany-utptis/vendor/laravel/framework/src/Illuminate/Console/Command.php(249): Symfony\\Component\\Console\\Command\\Command->run(Object(Symfony\\Component\\Console\\Input\\ArgvInput), Object(Illuminate\\Console\\OutputStyle))
#14 /home/reyyhzn/245150701111005-nayla-rayhana-zahrany-utptis/vendor/symfony/console/Application.php(1107): Illuminate\\Console\\Command->run(Object(Symfony\\Component\\Console\\Input\\ArgvInput), Object(Symfony\\Component\\Console\\Output\\ConsoleOutput))
#15 /home/reyyhzn/245150701111005-nayla-rayhana-zahrany-utptis/vendor/symfony/console/Application.php(356): Symfony\\Component\\Console\\Application->doRunCommand(Object(L5Swagger\\Console\\GenerateDocsCommand), Object(Symfony\\Component\\Console\\Input\\ArgvInput), Object(Symfony\\Component\\Console\\Output\\ConsoleOutput))
#16 /home/reyyhzn/245150701111005-nayla-rayhana-zahrany-utptis/vendor/symfony/console/Application.php(195): Symfony\\Component\\Console\\Application->doRun(Object(Symfony\\Component\\Console\\Input\\ArgvInput), Object(Symfony\\Component\\Console\\Output\\ConsoleOutput))
#17 /home/reyyhzn/245150701111005-nayla-rayhana-zahrany-utptis/vendor/laravel/framework/src/Illuminate/Foundation/Console/Kernel.php(198): Symfony\\Component\\Console\\Application->run(Object(Symfony\\Component\\Console\\Input\\ArgvInput), Object(Symfony\\Component\\Console\\Output\\ConsoleOutput))
#18 /home/reyyhzn/245150701111005-nayla-rayhana-zahrany-utptis/vendor/laravel/framework/src/Illuminate/Foundation/Application.php(1235): Illuminate\\Foundation\\Console\\Kernel->handle(Object(Symfony\\Component\\Console\\Input\\ArgvInput), Object(Symfony\\Component\\Console\\Output\\ConsoleOutput))
#19 /home/reyyhzn/245150701111005-nayla-rayhana-zahrany-utptis/artisan(16): Illuminate\\Foundation\\Application->handleCommand(Object(Symfony\\Component\\Console\\Input\\ArgvInput))
#20 {main}
"} 
[2026-04-19 10:58:29] local.ERROR: The "/home/reyyhzn/245150701111005-nayla-rayhana-zahrany-utptis/app/Http/ItemController" directory does not exist. {"exception":"[object] (Symfony\\Component\\Finder\\Exception\\DirectoryNotFoundException(code: 0): The \"/home/reyyhzn/245150701111005-nayla-rayhana-zahrany-utptis/app/Http/ItemController\" directory does not exist. at /home/reyyhzn/245150701111005-nayla-rayhana-zahrany-utptis/vendor/symfony/finder/Finder.php:648)
[stacktrace]
#0 /home/reyyhzn/245150701111005-nayla-rayhana-zahrany-utptis/vendor/zircote/swagger-php/src/SourceFinder.php(28): Symfony\\Component\\Finder\\Finder->in('/home/reyyhzn/2...')
#1 /home/reyyhzn/245150701111005-nayla-rayhana-zahrany-utptis/vendor/darkaonline/l5-swagger/src/Generator.php(271): OpenApi\\SourceFinder->__construct(Array, Array, '*.php')
#2 /home/reyyhzn/245150701111005-nayla-rayhana-zahrany-utptis/vendor/darkaonline/l5-swagger/src/Generator.php(172): L5Swagger\\Generator->createScanFinder()
#3 /home/reyyhzn/245150701111005-nayla-rayhana-zahrany-utptis/vendor/darkaonline/l5-swagger/src/Generator.php(118): L5Swagger\\Generator->scanFilesForDocumentation()
#4 /home/reyyhzn/245150701111005-nayla-rayhana-zahrany-utptis/vendor/darkaonline/l5-swagger/src/Console/GenerateDocsCommand.php(73): L5Swagger\\Generator->generateDocs()
#5 /home/reyyhzn/245150701111005-nayla-rayhana-zahrany-utptis/vendor/darkaonline/l5-swagger/src/Console/GenerateDocsCommand.php(56): L5Swagger\\Console\\GenerateDocsCommand->generateDocumentation(Object(L5Swagger\\GeneratorFactory), 'default')
#6 /home/reyyhzn/245150701111005-nayla-rayhana-zahrany-utptis/vendor/laravel/framework/src/Illuminate/Container/BoundMethod.php(36): L5Swagger\\Console\\GenerateDocsCommand->handle(Object(L5Swagger\\GeneratorFactory))
#7 /home/reyyhzn/245150701111005-nayla-rayhana-zahrany-utptis/vendor/laravel/framework/src/Illuminate/Container/Util.php(43): Illuminate\\Container\\BoundMethod::{closure:Illuminate\\Container\\BoundMethod::call():35}()
#8 /home/reyyhzn/245150701111005-nayla-rayhana-zahrany-utptis/vendor/laravel/framework/src/Illuminate/Container/BoundMethod.php(96): Illuminate\\Container\\Util::unwrapIfClosure(Object(Closure))
#9 /home/reyyhzn/245150701111005-nayla-rayhana-zahrany-utptis/vendor/laravel/framework/src/Illuminate/Container/BoundMethod.php(35): Illuminate\\Container\\BoundMethod::callBoundMethod(Object(Illuminate\\Foundation\\Application), Array, Object(Closure))
#10 /home/reyyhzn/245150701111005-nayla-rayhana-zahrany-utptis/vendor/laravel/framework/src/Illuminate/Container/Container.php(799): Illuminate\\Container\\BoundMethod::call(Object(Illuminate\\Foundation\\Application), Array, Array, NULL)
#11 /home/reyyhzn/245150701111005-nayla-rayhana-zahrany-utptis/vendor/laravel/framework/src/Illuminate/Console/Command.php(280): Illuminate\\Container\\Container->call(Array)
#12 /home/reyyhzn/245150701111005-nayla-rayhana-zahrany-utptis/vendor/symfony/console/Command/Command.php(291): Illuminate\\Console\\Command->execute(Object(Symfony\\Component\\Console\\Input\\ArgvInput), Object(Illuminate\\Console\\OutputStyle))
#13 /home/reyyhzn/245150701111005-nayla-rayhana-zahrany-utptis/vendor/laravel/framework/src/Illuminate/Console/Command.php(249): Symfony\\Component\\Console\\Command\\Command->run(Object(Symfony\\Component\\Console\\Input\\ArgvInput), Object(Illuminate\\Console\\OutputStyle))
#14 /home/reyyhzn/245150701111005-nayla-rayhana-zahrany-utptis/vendor/symfony/console/Application.php(1107): Illuminate\\Console\\Command->run(Object(Symfony\\Component\\Console\\Input\\ArgvInput), Object(Symfony\\Component\\Console\\Output\\ConsoleOutput))
#15 /home/reyyhzn/245150701111005-nayla-rayhana-zahrany-utptis/vendor/symfony/console/Application.php(356): Symfony\\Component\\Console\\Application->doRunCommand(Object(L5Swagger\\Console\\GenerateDocsCommand), Object(Symfony\\Component\\Console\\Input\\ArgvInput), Object(Symfony\\Component\\Console\\Output\\ConsoleOutput))
#16 /home/reyyhzn/245150701111005-nayla-rayhana-zahrany-utptis/vendor/symfony/console/Application.php(195): Symfony\\Component\\Console\\Application->doRun(Object(Symfony\\Component\\Console\\Input\\ArgvInput), Object(Symfony\\Component\\Console\\Output\\ConsoleOutput))
#17 /home/reyyhzn/245150701111005-nayla-rayhana-zahrany-utptis/vendor/laravel/framework/src/Illuminate/Foundation/Console/Kernel.php(198): Symfony\\Component\\Console\\Application->run(Object(Symfony\\Component\\Console\\Input\\ArgvInput), Object(Symfony\\Component\\Console\\Output\\ConsoleOutput))
#18 /home/reyyhzn/245150701111005-nayla-rayhana-zahrany-utptis/vendor/laravel/framework/src/Illuminate/Foundation/Application.php(1235): Illuminate\\Foundation\\Console\\Kernel->handle(Object(Symfony\\Component\\Console\\Input\\ArgvInput), Object(Symfony\\Component\\Console\\Output\\ConsoleOutput))
#19 /home/reyyhzn/245150701111005-nayla-rayhana-zahrany-utptis/artisan(16): Illuminate\\Foundation\\Application->handleCommand(Object(Symfony\\Component\\Console\\Input\\ArgvInput))
#20 {main}
"} 
[2026-04-19 10:59:09] local.ERROR: Required @OA\Info() not found {"exception":"[object] (ErrorException(code: 0): Required @OA\\Info() not found at /home/reyyhzn/245150701111005-nayla-rayhana-zahrany-utptis/vendor/zircote/swagger-php/src/Loggers/DefaultLogger.php:23)
[stacktrace]
#0 /home/reyyhzn/245150701111005-nayla-rayhana-zahrany-utptis/vendor/laravel/framework/src/Illuminate/Foundation/Bootstrap/HandleExceptions.php(258): Illuminate\\Foundation\\Bootstrap\\HandleExceptions->handleError(512, 'Required @OA\\\\In...', '/home/reyyhzn/2...', 23)
#1 [internal function]: Illuminate\\Foundation\\Bootstrap\\HandleExceptions->{closure:Illuminate\\Foundation\\Bootstrap\\HandleExceptions::forwardsTo():257}(512, 'Required @OA\\\\In...', '/home/reyyhzn/2...', 23)
#2 /home/reyyhzn/245150701111005-nayla-rayhana-zahrany-utptis/vendor/zircote/swagger-php/src/Loggers/DefaultLogger.php(23): trigger_error('Required @OA\\\\In...', 512)
#3 /home/reyyhzn/245150701111005-nayla-rayhana-zahrany-utptis/vendor/psr/log/src/LoggerTrait.php(61): OpenApi\\Loggers\\DefaultLogger->log('warning', 'Required @OA\\\\In...', Array)
#4 /home/reyyhzn/245150701111005-nayla-rayhana-zahrany-utptis/vendor/zircote/swagger-php/src/Annotations/AbstractAnnotation.php(549): Psr\\Log\\AbstractLogger->warning('Required @OA\\\\In...')
#5 /home/reyyhzn/245150701111005-nayla-rayhana-zahrany-utptis/vendor/zircote/swagger-php/src/Annotations/OpenApi.php(162): OpenApi\\Annotations\\AbstractAnnotation->validate(Object(OpenApi\\Analysis), '3.0.0', Object(stdClass))
#6 /home/reyyhzn/245150701111005-nayla-rayhana-zahrany-utptis/vendor/zircote/swagger-php/src/Analysis.php(402): OpenApi\\Annotations\\OpenApi->validate(Object(OpenApi\\Analysis), '3.0.0', Object(stdClass))
#7 /home/reyyhzn/245150701111005-nayla-rayhana-zahrany-utptis/vendor/zircote/swagger-php/src/Generator.php(408): OpenApi\\Analysis->validate()
#8 /home/reyyhzn/245150701111005-nayla-rayhana-zahrany-utptis/vendor/darkaonline/l5-swagger/src/Generator.php(177): OpenApi\\Generator->generate(Object(OpenApi\\SourceFinder), Object(OpenApi\\Analysis))
#9 /home/reyyhzn/245150701111005-nayla-rayhana-zahrany-utptis/vendor/darkaonline/l5-swagger/src/Generator.php(118): L5Swagger\\Generator->scanFilesForDocumentation()
#10 /home/reyyhzn/245150701111005-nayla-rayhana-zahrany-utptis/vendor/darkaonline/l5-swagger/src/Console/GenerateDocsCommand.php(73): L5Swagger\\Generator->generateDocs()
#11 /home/reyyhzn/245150701111005-nayla-rayhana-zahrany-utptis/vendor/darkaonline/l5-swagger/src/Console/GenerateDocsCommand.php(56): L5Swagger\\Console\\GenerateDocsCommand->generateDocumentation(Object(L5Swagger\\GeneratorFactory), 'default')
#12 /home/reyyhzn/245150701111005-nayla-rayhana-zahrany-utptis/vendor/laravel/framework/src/Illuminate/Container/BoundMethod.php(36): L5Swagger\\Console\\GenerateDocsCommand->handle(Object(L5Swagger\\GeneratorFactory))
#13 /home/reyyhzn/245150701111005-nayla-rayhana-zahrany-utptis/vendor/laravel/framework/src/Illuminate/Container/Util.php(43): Illuminate\\Container\\BoundMethod::{closure:Illuminate\\Container\\BoundMethod::call():35}()
#14 /home/reyyhzn/245150701111005-nayla-rayhana-zahrany-utptis/vendor/laravel/framework/src/Illuminate/Container/BoundMethod.php(96): Illuminate\\Container\\Util::unwrapIfClosure(Object(Closure))
#15 /home/reyyhzn/245150701111005-nayla-rayhana-zahrany-utptis/vendor/laravel/framework/src/Illuminate/Container/BoundMethod.php(35): Illuminate\\Container\\BoundMethod::callBoundMethod(Object(Illuminate\\Foundation\\Application), Array, Object(Closure))
#16 /home/reyyhzn/245150701111005-nayla-rayhana-zahrany-utptis/vendor/laravel/framework/src/Illuminate/Container/Container.php(799): Illuminate\\Container\\BoundMethod::call(Object(Illuminate\\Foundation\\Application), Array, Array, NULL)
#17 /home/reyyhzn/245150701111005-nayla-rayhana-zahrany-utptis/vendor/laravel/framework/src/Illuminate/Console/Command.php(280): Illuminate\\Container\\Container->call(Array)
#18 /home/reyyhzn/245150701111005-nayla-rayhana-zahrany-utptis/vendor/symfony/console/Command/Command.php(291): Illuminate\\Console\\Command->execute(Object(Symfony\\Component\\Console\\Input\\ArgvInput), Object(Illuminate\\Console\\OutputStyle))
#19 /home/reyyhzn/245150701111005-nayla-rayhana-zahrany-utptis/vendor/laravel/framework/src/Illuminate/Console/Command.php(249): Symfony\\Component\\Console\\Command\\Command->run(Object(Symfony\\Component\\Console\\Input\\ArgvInput), Object(Illuminate\\Console\\OutputStyle))
#20 /home/reyyhzn/245150701111005-nayla-rayhana-zahrany-utptis/vendor/symfony/console/Application.php(1107): Illuminate\\Console\\Command->run(Object(Symfony\\Component\\Console\\Input\\ArgvInput), Object(Symfony\\Component\\Console\\Output\\ConsoleOutput))
#21 /home/reyyhzn/245150701111005-nayla-rayhana-zahrany-utptis/vendor/symfony/console/Application.php(356): Symfony\\Component\\Console\\Application->doRunCommand(Object(L5Swagger\\Console\\GenerateDocsCommand), Object(Symfony\\Component\\Console\\Input\\ArgvInput), Object(Symfony\\Component\\Console\\Output\\ConsoleOutput))
#22 /home/reyyhzn/245150701111005-nayla-rayhana-zahrany-utptis/vendor/symfony/console/Application.php(195): Symfony\\Component\\Console\\Application->doRun(Object(Symfony\\Component\\Console\\Input\\ArgvInput), Object(Symfony\\Component\\Console\\Output\\ConsoleOutput))
#23 /home/reyyhzn/245150701111005-nayla-rayhana-zahrany-utptis/vendor/laravel/framework/src/Illuminate/Foundation/Console/Kernel.php(198): Symfony\\Component\\Console\\Application->run(Object(Symfony\\Component\\Console\\Input\\ArgvInput), Object(Symfony\\Component\\Console\\Output\\ConsoleOutput))
#24 /home/reyyhzn/245150701111005-nayla-rayhana-zahrany-utptis/vendor/laravel/framework/src/Illuminate/Foundation/Application.php(1235): Illuminate\\Foundation\\Console\\Kernel->handle(Object(Symfony\\Component\\Console\\Input\\ArgvInput), Object(Symfony\\Component\\Console\\Output\\ConsoleOutput))
#25 /home/reyyhzn/245150701111005-nayla-rayhana-zahrany-utptis/artisan(16): Illuminate\\Foundation\\Application->handleCommand(Object(Symfony\\Component\\Console\\Input\\ArgvInput))
#26 {main}
"} 
[2026-04-19 10:59:49] local.ERROR: Required @OA\Info() not found {"exception":"[object] (ErrorException(code: 0): Required @OA\\Info() not found at /home/reyyhzn/245150701111005-nayla-rayhana-zahrany-utptis/vendor/zircote/swagger-php/src/Loggers/DefaultLogger.php:23)
[stacktrace]
#0 /home/reyyhzn/245150701111005-nayla-rayhana-zahrany-utptis/vendor/laravel/framework/src/Illuminate/Foundation/Bootstrap/HandleExceptions.php(258): Illuminate\\Foundation\\Bootstrap\\HandleExceptions->handleError(512, 'Required @OA\\\\In...', '/home/reyyhzn/2...', 23)
#1 [internal function]: Illuminate\\Foundation\\Bootstrap\\HandleExceptions->{closure:Illuminate\\Foundation\\Bootstrap\\HandleExceptions::forwardsTo():257}(512, 'Required @OA\\\\In...', '/home/reyyhzn/2...', 23)
#2 /home/reyyhzn/245150701111005-nayla-rayhana-zahrany-utptis/vendor/zircote/swagger-php/src/Loggers/DefaultLogger.php(23): trigger_error('Required @OA\\\\In...', 512)
#3 /home/reyyhzn/245150701111005-nayla-rayhana-zahrany-utptis/vendor/psr/log/src/LoggerTrait.php(61): OpenApi\\Loggers\\DefaultLogger->log('warning', 'Required @OA\\\\In...', Array)
#4 /home/reyyhzn/245150701111005-nayla-rayhana-zahrany-utptis/vendor/zircote/swagger-php/src/Annotations/AbstractAnnotation.php(549): Psr\\Log\\AbstractLogger->warning('Required @OA\\\\In...')
#5 /home/reyyhzn/245150701111005-nayla-rayhana-zahrany-utptis/vendor/zircote/swagger-php/src/Annotations/OpenApi.php(162): OpenApi\\Annotations\\AbstractAnnotation->validate(Object(OpenApi\\Analysis), '3.0.0', Object(stdClass))
#6 /home/reyyhzn/245150701111005-nayla-rayhana-zahrany-utptis/vendor/zircote/swagger-php/src/Analysis.php(402): OpenApi\\Annotations\\OpenApi->validate(Object(OpenApi\\Analysis), '3.0.0', Object(stdClass))
#7 /home/reyyhzn/245150701111005-nayla-rayhana-zahrany-utptis/vendor/zircote/swagger-php/src/Generator.php(408): OpenApi\\Analysis->validate()
#8 /home/reyyhzn/245150701111005-nayla-rayhana-zahrany-utptis/vendor/darkaonline/l5-swagger/src/Generator.php(177): OpenApi\\Generator->generate(Object(OpenApi\\SourceFinder), Object(OpenApi\\Analysis))
#9 /home/reyyhzn/245150701111005-nayla-rayhana-zahrany-utptis/vendor/darkaonline/l5-swagger/src/Generator.php(118): L5Swagger\\Generator->scanFilesForDocumentation()
#10 /home/reyyhzn/245150701111005-nayla-rayhana-zahrany-utptis/vendor/darkaonline/l5-swagger/src/Console/GenerateDocsCommand.php(73): L5Swagger\\Generator->generateDocs()
#11 /home/reyyhzn/245150701111005-nayla-rayhana-zahrany-utptis/vendor/darkaonline/l5-swagger/src/Console/GenerateDocsCommand.php(56): L5Swagger\\Console\\GenerateDocsCommand->generateDocumentation(Object(L5Swagger\\GeneratorFactory), 'default')
#12 /home/reyyhzn/245150701111005-nayla-rayhana-zahrany-utptis/vendor/laravel/framework/src/Illuminate/Container/BoundMethod.php(36): L5Swagger\\Console\\GenerateDocsCommand->handle(Object(L5Swagger\\GeneratorFactory))
#13 /home/reyyhzn/245150701111005-nayla-rayhana-zahrany-utptis/vendor/laravel/framework/src/Illuminate/Container/Util.php(43): Illuminate\\Container\\BoundMethod::{closure:Illuminate\\Container\\BoundMethod::call():35}()
#14 /home/reyyhzn/245150701111005-nayla-rayhana-zahrany-utptis/vendor/laravel/framework/src/Illuminate/Container/BoundMethod.php(96): Illuminate\\Container\\Util::unwrapIfClosure(Object(Closure))
#15 /home/reyyhzn/245150701111005-nayla-rayhana-zahrany-utptis/vendor/laravel/framework/src/Illuminate/Container/BoundMethod.php(35): Illuminate\\Container\\BoundMethod::callBoundMethod(Object(Illuminate\\Foundation\\Application), Array, Object(Closure))
#16 /home/reyyhzn/245150701111005-nayla-rayhana-zahrany-utptis/vendor/laravel/framework/src/Illuminate/Container/Container.php(799): Illuminate\\Container\\BoundMethod::call(Object(Illuminate\\Foundation\\Application), Array, Array, NULL)
#17 /home/reyyhzn/245150701111005-nayla-rayhana-zahrany-utptis/vendor/laravel/framework/src/Illuminate/Console/Command.php(280): Illuminate\\Container\\Container->call(Array)
#18 /home/reyyhzn/245150701111005-nayla-rayhana-zahrany-utptis/vendor/symfony/console/Command/Command.php(291): Illuminate\\Console\\Command->execute(Object(Symfony\\Component\\Console\\Input\\ArgvInput), Object(Illuminate\\Console\\OutputStyle))
#19 /home/reyyhzn/245150701111005-nayla-rayhana-zahrany-utptis/vendor/laravel/framework/src/Illuminate/Console/Command.php(249): Symfony\\Component\\Console\\Command\\Command->run(Object(Symfony\\Component\\Console\\Input\\ArgvInput), Object(Illuminate\\Console\\OutputStyle))
#20 /home/reyyhzn/245150701111005-nayla-rayhana-zahrany-utptis/vendor/symfony/console/Application.php(1107): Illuminate\\Console\\Command->run(Object(Symfony\\Component\\Console\\Input\\ArgvInput), Object(Symfony\\Component\\Console\\Output\\ConsoleOutput))
#21 /home/reyyhzn/245150701111005-nayla-rayhana-zahrany-utptis/vendor/symfony/console/Application.php(356): Symfony\\Component\\Console\\Application->doRunCommand(Object(L5Swagger\\Console\\GenerateDocsCommand), Object(Symfony\\Component\\Console\\Input\\ArgvInput), Object(Symfony\\Component\\Console\\Output\\ConsoleOutput))
#22 /home/reyyhzn/245150701111005-nayla-rayhana-zahrany-utptis/vendor/symfony/console/Application.php(195): Symfony\\Component\\Console\\Application->doRun(Object(Symfony\\Component\\Console\\Input\\ArgvInput), Object(Symfony\\Component\\Console\\Output\\ConsoleOutput))
#23 /home/reyyhzn/245150701111005-nayla-rayhana-zahrany-utptis/vendor/laravel/framework/src/Illuminate/Foundation/Console/Kernel.php(198): Symfony\\Component\\Console\\Application->run(Object(Symfony\\Component\\Console\\Input\\ArgvInput), Object(Symfony\\Component\\Console\\Output\\ConsoleOutput))
#24 /home/reyyhzn/245150701111005-nayla-rayhana-zahrany-utptis/vendor/laravel/framework/src/Illuminate/Foundation/Application.php(1235): Illuminate\\Foundation\\Console\\Kernel->handle(Object(Symfony\\Component\\Console\\Input\\ArgvInput), Object(Symfony\\Component\\Console\\Output\\ConsoleOutput))
#25 /home/reyyhzn/245150701111005-nayla-rayhana-zahrany-utptis/artisan(16): Illuminate\\Foundation\\Application->handleCommand(Object(Symfony\\Component\\Console\\Input\\ArgvInput))
#26 {main}
"} 
[2026-04-19 10:59:57] local.ERROR: The "--force" option does not exist. {"exception":"[object] (Symfony\\Component\\Console\\Exception\\RuntimeException(code: 0): The \"--force\" option does not exist. at /home/reyyhzn/245150701111005-nayla-rayhana-zahrany-utptis/vendor/symfony/console/Input/ArgvInput.php:226)
[stacktrace]
#0 /home/reyyhzn/245150701111005-nayla-rayhana-zahrany-utptis/vendor/symfony/console/Input/ArgvInput.php(155): Symfony\\Component\\Console\\Input\\ArgvInput->addLongOption('force', NULL)
#1 /home/reyyhzn/245150701111005-nayla-rayhana-zahrany-utptis/vendor/symfony/console/Input/ArgvInput.php(88): Symfony\\Component\\Console\\Input\\ArgvInput->parseLongOption('--force')
#2 /home/reyyhzn/245150701111005-nayla-rayhana-zahrany-utptis/vendor/symfony/console/Input/ArgvInput.php(77): Symfony\\Component\\Console\\Input\\ArgvInput->parseToken('--force', true)
#3 /home/reyyhzn/245150701111005-nayla-rayhana-zahrany-utptis/vendor/symfony/console/Input/Input.php(53): Symfony\\Component\\Console\\Input\\ArgvInput->parse()
#4 /home/reyyhzn/245150701111005-nayla-rayhana-zahrany-utptis/vendor/symfony/console/Command/Command.php(245): Symfony\\Component\\Console\\Input\\Input->bind(Object(Symfony\\Component\\Console\\Input\\InputDefinition))
#5 /home/reyyhzn/245150701111005-nayla-rayhana-zahrany-utptis/vendor/laravel/framework/src/Illuminate/Console/Command.php(249): Symfony\\Component\\Console\\Command\\Command->run(Object(Symfony\\Component\\Console\\Input\\ArgvInput), Object(Illuminate\\Console\\OutputStyle))
#6 /home/reyyhzn/245150701111005-nayla-rayhana-zahrany-utptis/vendor/symfony/console/Application.php(1107): Illuminate\\Console\\Command->run(Object(Symfony\\Component\\Console\\Input\\ArgvInput), Object(Symfony\\Component\\Console\\Output\\ConsoleOutput))
#7 /home/reyyhzn/245150701111005-nayla-rayhana-zahrany-utptis/vendor/symfony/console/Application.php(356): Symfony\\Component\\Console\\Application->doRunCommand(Object(L5Swagger\\Console\\GenerateDocsCommand), Object(Symfony\\Component\\Console\\Input\\ArgvInput), Object(Symfony\\Component\\Console\\Output\\ConsoleOutput))
#8 /home/reyyhzn/245150701111005-nayla-rayhana-zahrany-utptis/vendor/symfony/console/Application.php(195): Symfony\\Component\\Console\\Application->doRun(Object(Symfony\\Component\\Console\\Input\\ArgvInput), Object(Symfony\\Component\\Console\\Output\\ConsoleOutput))
#9 /home/reyyhzn/245150701111005-nayla-rayhana-zahrany-utptis/vendor/laravel/framework/src/Illuminate/Foundation/Console/Kernel.php(198): Symfony\\Component\\Console\\Application->run(Object(Symfony\\Component\\Console\\Input\\ArgvInput), Object(Symfony\\Component\\Console\\Output\\ConsoleOutput))
#10 /home/reyyhzn/245150701111005-nayla-rayhana-zahrany-utptis/vendor/laravel/framework/src/Illuminate/Foundation/Application.php(1235): Illuminate\\Foundation\\Console\\Kernel->handle(Object(Symfony\\Component\\Console\\Input\\ArgvInput), Object(Symfony\\Component\\Console\\Output\\ConsoleOutput))
#11 /home/reyyhzn/245150701111005-nayla-rayhana-zahrany-utptis/artisan(16): Illuminate\\Foundation\\Application->handleCommand(Object(Symfony\\Component\\Console\\Input\\ArgvInput))
#12 {main}
"} 
[2026-04-19 11:05:59] local.ERROR: Required @OA\Info() not found {"exception":"[object] (ErrorException(code: 0): Required @OA\\Info() not found at /home/reyyhzn/245150701111005-nayla-rayhana-zahrany-utptis/vendor/zircote/swagger-php/src/Loggers/DefaultLogger.php:23)
[stacktrace]
#0 /home/reyyhzn/245150701111005-nayla-rayhana-zahrany-utptis/vendor/laravel/framework/src/Illuminate/Foundation/Bootstrap/HandleExceptions.php(258): Illuminate\\Foundation\\Bootstrap\\HandleExceptions->handleError(512, 'Required @OA\\\\In...', '/home/reyyhzn/2...', 23)
#1 [internal function]: Illuminate\\Foundation\\Bootstrap\\HandleExceptions->{closure:Illuminate\\Foundation\\Bootstrap\\HandleExceptions::forwardsTo():257}(512, 'Required @OA\\\\In...', '/home/reyyhzn/2...', 23)
#2 /home/reyyhzn/245150701111005-nayla-rayhana-zahrany-utptis/vendor/zircote/swagger-php/src/Loggers/DefaultLogger.php(23): trigger_error('Required @OA\\\\In...', 512)
#3 /home/reyyhzn/245150701111005-nayla-rayhana-zahrany-utptis/vendor/psr/log/src/LoggerTrait.php(61): OpenApi\\Loggers\\DefaultLogger->log('warning', 'Required @OA\\\\In...', Array)
#4 /home/reyyhzn/245150701111005-nayla-rayhana-zahrany-utptis/vendor/zircote/swagger-php/src/Annotations/AbstractAnnotation.php(549): Psr\\Log\\AbstractLogger->warning('Required @OA\\\\In...')
#5 /home/reyyhzn/245150701111005-nayla-rayhana-zahrany-utptis/vendor/zircote/swagger-php/src/Annotations/OpenApi.php(162): OpenApi\\Annotations\\AbstractAnnotation->validate(Object(OpenApi\\Analysis), '3.0.0', Object(stdClass))
#6 /home/reyyhzn/245150701111005-nayla-rayhana-zahrany-utptis/vendor/zircote/swagger-php/src/Analysis.php(402): OpenApi\\Annotations\\OpenApi->validate(Object(OpenApi\\Analysis), '3.0.0', Object(stdClass))
#7 /home/reyyhzn/245150701111005-nayla-rayhana-zahrany-utptis/vendor/zircote/swagger-php/src/Generator.php(408): OpenApi\\Analysis->validate()
#8 /home/reyyhzn/245150701111005-nayla-rayhana-zahrany-utptis/vendor/darkaonline/l5-swagger/src/Generator.php(177): OpenApi\\Generator->generate(Object(OpenApi\\SourceFinder), Object(OpenApi\\Analysis))
#9 /home/reyyhzn/245150701111005-nayla-rayhana-zahrany-utptis/vendor/darkaonline/l5-swagger/src/Generator.php(118): L5Swagger\\Generator->scanFilesForDocumentation()
#10 /home/reyyhzn/245150701111005-nayla-rayhana-zahrany-utptis/vendor/darkaonline/l5-swagger/src/Console/GenerateDocsCommand.php(73): L5Swagger\\Generator->generateDocs()
#11 /home/reyyhzn/245150701111005-nayla-rayhana-zahrany-utptis/vendor/darkaonline/l5-swagger/src/Console/GenerateDocsCommand.php(56): L5Swagger\\Console\\GenerateDocsCommand->generateDocumentation(Object(L5Swagger\\GeneratorFactory), 'default')
#12 /home/reyyhzn/245150701111005-nayla-rayhana-zahrany-utptis/vendor/laravel/framework/src/Illuminate/Container/BoundMethod.php(36): L5Swagger\\Console\\GenerateDocsCommand->handle(Object(L5Swagger\\GeneratorFactory))
#13 /home/reyyhzn/245150701111005-nayla-rayhana-zahrany-utptis/vendor/laravel/framework/src/Illuminate/Container/Util.php(43): Illuminate\\Container\\BoundMethod::{closure:Illuminate\\Container\\BoundMethod::call():35}()
#14 /home/reyyhzn/245150701111005-nayla-rayhana-zahrany-utptis/vendor/laravel/framework/src/Illuminate/Container/BoundMethod.php(96): Illuminate\\Container\\Util::unwrapIfClosure(Object(Closure))
#15 /home/reyyhzn/245150701111005-nayla-rayhana-zahrany-utptis/vendor/laravel/framework/src/Illuminate/Container/BoundMethod.php(35): Illuminate\\Container\\BoundMethod::callBoundMethod(Object(Illuminate\\Foundation\\Application), Array, Object(Closure))
#16 /home/reyyhzn/245150701111005-nayla-rayhana-zahrany-utptis/vendor/laravel/framework/src/Illuminate/Container/Container.php(799): Illuminate\\Container\\BoundMethod::call(Object(Illuminate\\Foundation\\Application), Array, Array, NULL)
#17 /home/reyyhzn/245150701111005-nayla-rayhana-zahrany-utptis/vendor/laravel/framework/src/Illuminate/Console/Command.php(280): Illuminate\\Container\\Container->call(Array)
#18 /home/reyyhzn/245150701111005-nayla-rayhana-zahrany-utptis/vendor/symfony/console/Command/Command.php(291): Illuminate\\Console\\Command->execute(Object(Symfony\\Component\\Console\\Input\\ArgvInput), Object(Illuminate\\Console\\OutputStyle))
#19 /home/reyyhzn/245150701111005-nayla-rayhana-zahrany-utptis/vendor/laravel/framework/src/Illuminate/Console/Command.php(249): Symfony\\Component\\Console\\Command\\Command->run(Object(Symfony\\Component\\Console\\Input\\ArgvInput), Object(Illuminate\\Console\\OutputStyle))
#20 /home/reyyhzn/245150701111005-nayla-rayhana-zahrany-utptis/vendor/symfony/console/Application.php(1107): Illuminate\\Console\\Command->run(Object(Symfony\\Component\\Console\\Input\\ArgvInput), Object(Symfony\\Component\\Console\\Output\\ConsoleOutput))
#21 /home/reyyhzn/245150701111005-nayla-rayhana-zahrany-utptis/vendor/symfony/console/Application.php(356): Symfony\\Component\\Console\\Application->doRunCommand(Object(L5Swagger\\Console\\GenerateDocsCommand), Object(Symfony\\Component\\Console\\Input\\ArgvInput), Object(Symfony\\Component\\Console\\Output\\ConsoleOutput))
#22 /home/reyyhzn/245150701111005-nayla-rayhana-zahrany-utptis/vendor/symfony/console/Application.php(195): Symfony\\Component\\Console\\Application->doRun(Object(Symfony\\Component\\Console\\Input\\ArgvInput), Object(Symfony\\Component\\Console\\Output\\ConsoleOutput))
#23 /home/reyyhzn/245150701111005-nayla-rayhana-zahrany-utptis/vendor/laravel/framework/src/Illuminate/Foundation/Console/Kernel.php(198): Symfony\\Component\\Console\\Application->run(Object(Symfony\\Component\\Console\\Input\\ArgvInput), Object(Symfony\\Component\\Console\\Output\\ConsoleOutput))
#24 /home/reyyhzn/245150701111005-nayla-rayhana-zahrany-utptis/vendor/laravel/framework/src/Illuminate/Foundation/Application.php(1235): Illuminate\\Foundation\\Console\\Kernel->handle(Object(Symfony\\Component\\Console\\Input\\ArgvInput), Object(Symfony\\Component\\Console\\Output\\ConsoleOutput))
#25 /home/reyyhzn/245150701111005-nayla-rayhana-zahrany-utptis/artisan(16): Illuminate\\Foundation\\Application->handleCommand(Object(Symfony\\Component\\Console\\Input\\ArgvInput))
#26 {main}
"} 
[2026-04-19 11:08:39] local.ERROR: Required @OA\Info() not found {"exception":"[object] (ErrorException(code: 0): Required @OA\\Info() not found at /home/reyyhzn/245150701111005-nayla-rayhana-zahrany-utptis/vendor/zircote/swagger-php/src/Loggers/DefaultLogger.php:23)
[stacktrace]
#0 /home/reyyhzn/245150701111005-nayla-rayhana-zahrany-utptis/vendor/laravel/framework/src/Illuminate/Foundation/Bootstrap/HandleExceptions.php(258): Illuminate\\Foundation\\Bootstrap\\HandleExceptions->handleError(512, 'Required @OA\\\\In...', '/home/reyyhzn/2...', 23)
#1 [internal function]: Illuminate\\Foundation\\Bootstrap\\HandleExceptions->{closure:Illuminate\\Foundation\\Bootstrap\\HandleExceptions::forwardsTo():257}(512, 'Required @OA\\\\In...', '/home/reyyhzn/2...', 23)
#2 /home/reyyhzn/245150701111005-nayla-rayhana-zahrany-utptis/vendor/zircote/swagger-php/src/Loggers/DefaultLogger.php(23): trigger_error('Required @OA\\\\In...', 512)
#3 /home/reyyhzn/245150701111005-nayla-rayhana-zahrany-utptis/vendor/psr/log/src/LoggerTrait.php(61): OpenApi\\Loggers\\DefaultLogger->log('warning', 'Required @OA\\\\In...', Array)
#4 /home/reyyhzn/245150701111005-nayla-rayhana-zahrany-utptis/vendor/zircote/swagger-php/src/Annotations/AbstractAnnotation.php(549): Psr\\Log\\AbstractLogger->warning('Required @OA\\\\In...')
#5 /home/reyyhzn/245150701111005-nayla-rayhana-zahrany-utptis/vendor/zircote/swagger-php/src/Annotations/OpenApi.php(162): OpenApi\\Annotations\\AbstractAnnotation->validate(Object(OpenApi\\Analysis), '3.0.0', Object(stdClass))
#6 /home/reyyhzn/245150701111005-nayla-rayhana-zahrany-utptis/vendor/zircote/swagger-php/src/Analysis.php(402): OpenApi\\Annotations\\OpenApi->validate(Object(OpenApi\\Analysis), '3.0.0', Object(stdClass))
#7 /home/reyyhzn/245150701111005-nayla-rayhana-zahrany-utptis/vendor/zircote/swagger-php/src/Generator.php(408): OpenApi\\Analysis->validate()
#8 /home/reyyhzn/245150701111005-nayla-rayhana-zahrany-utptis/vendor/darkaonline/l5-swagger/src/Generator.php(177): OpenApi\\Generator->generate(Object(OpenApi\\SourceFinder), Object(OpenApi\\Analysis))
#9 /home/reyyhzn/245150701111005-nayla-rayhana-zahrany-utptis/vendor/darkaonline/l5-swagger/src/Generator.php(118): L5Swagger\\Generator->scanFilesForDocumentation()
#10 /home/reyyhzn/245150701111005-nayla-rayhana-zahrany-utptis/vendor/darkaonline/l5-swagger/src/Console/GenerateDocsCommand.php(73): L5Swagger\\Generator->generateDocs()
#11 /home/reyyhzn/245150701111005-nayla-rayhana-zahrany-utptis/vendor/darkaonline/l5-swagger/src/Console/GenerateDocsCommand.php(56): L5Swagger\\Console\\GenerateDocsCommand->generateDocumentation(Object(L5Swagger\\GeneratorFactory), 'default')
#12 /home/reyyhzn/245150701111005-nayla-rayhana-zahrany-utptis/vendor/laravel/framework/src/Illuminate/Container/BoundMethod.php(36): L5Swagger\\Console\\GenerateDocsCommand->handle(Object(L5Swagger\\GeneratorFactory))
#13 /home/reyyhzn/245150701111005-nayla-rayhana-zahrany-utptis/vendor/laravel/framework/src/Illuminate/Container/Util.php(43): Illuminate\\Container\\BoundMethod::{closure:Illuminate\\Container\\BoundMethod::call():35}()
#14 /home/reyyhzn/245150701111005-nayla-rayhana-zahrany-utptis/vendor/laravel/framework/src/Illuminate/Container/BoundMethod.php(96): Illuminate\\Container\\Util::unwrapIfClosure(Object(Closure))
#15 /home/reyyhzn/245150701111005-nayla-rayhana-zahrany-utptis/vendor/laravel/framework/src/Illuminate/Container/BoundMethod.php(35): Illuminate\\Container\\BoundMethod::callBoundMethod(Object(Illuminate\\Foundation\\Application), Array, Object(Closure))
#16 /home/reyyhzn/245150701111005-nayla-rayhana-zahrany-utptis/vendor/laravel/framework/src/Illuminate/Container/Container.php(799): Illuminate\\Container\\BoundMethod::call(Object(Illuminate\\Foundation\\Application), Array, Array, NULL)
#17 /home/reyyhzn/245150701111005-nayla-rayhana-zahrany-utptis/vendor/laravel/framework/src/Illuminate/Console/Command.php(280): Illuminate\\Container\\Container->call(Array)
#18 /home/reyyhzn/245150701111005-nayla-rayhana-zahrany-utptis/vendor/symfony/console/Command/Command.php(291): Illuminate\\Console\\Command->execute(Object(Symfony\\Component\\Console\\Input\\ArgvInput), Object(Illuminate\\Console\\OutputStyle))
#19 /home/reyyhzn/245150701111005-nayla-rayhana-zahrany-utptis/vendor/laravel/framework/src/Illuminate/Console/Command.php(249): Symfony\\Component\\Console\\Command\\Command->run(Object(Symfony\\Component\\Console\\Input\\ArgvInput), Object(Illuminate\\Console\\OutputStyle))
#20 /home/reyyhzn/245150701111005-nayla-rayhana-zahrany-utptis/vendor/symfony/console/Application.php(1107): Illuminate\\Console\\Command->run(Object(Symfony\\Component\\Console\\Input\\ArgvInput), Object(Symfony\\Component\\Console\\Output\\ConsoleOutput))
#21 /home/reyyhzn/245150701111005-nayla-rayhana-zahrany-utptis/vendor/symfony/console/Application.php(356): Symfony\\Component\\Console\\Application->doRunCommand(Object(L5Swagger\\Console\\GenerateDocsCommand), Object(Symfony\\Component\\Console\\Input\\ArgvInput), Object(Symfony\\Component\\Console\\Output\\ConsoleOutput))
#22 /home/reyyhzn/245150701111005-nayla-rayhana-zahrany-utptis/vendor/symfony/console/Application.php(195): Symfony\\Component\\Console\\Application->doRun(Object(Symfony\\Component\\Console\\Input\\ArgvInput), Object(Symfony\\Component\\Console\\Output\\ConsoleOutput))
#23 /home/reyyhzn/245150701111005-nayla-rayhana-zahrany-utptis/vendor/laravel/framework/src/Illuminate/Foundation/Console/Kernel.php(198): Symfony\\Component\\Console\\Application->run(Object(Symfony\\Component\\Console\\Input\\ArgvInput), Object(Symfony\\Component\\Console\\Output\\ConsoleOutput))
#24 /home/reyyhzn/245150701111005-nayla-rayhana-zahrany-utptis/vendor/laravel/framework/src/Illuminate/Foundation/Application.php(1235): Illuminate\\Foundation\\Console\\Kernel->handle(Object(Symfony\\Component\\Console\\Input\\ArgvInput), Object(Symfony\\Component\\Console\\Output\\ConsoleOutput))
#25 /home/reyyhzn/245150701111005-nayla-rayhana-zahrany-utptis/artisan(16): Illuminate\\Foundation\\Application->handleCommand(Object(Symfony\\Component\\Console\\Input\\ArgvInput))
#26 {main}
"} 
[2026-04-19 11:09:49] local.ERROR: Required @OA\Info() not found {"exception":"[object] (ErrorException(code: 0): Required @OA\\Info() not found at /home/reyyhzn/245150701111005-nayla-rayhana-zahrany-utptis/vendor/zircote/swagger-php/src/Loggers/DefaultLogger.php:23)
[stacktrace]
#0 /home/reyyhzn/245150701111005-nayla-rayhana-zahrany-utptis/vendor/laravel/framework/src/Illuminate/Foundation/Bootstrap/HandleExceptions.php(258): Illuminate\\Foundation\\Bootstrap\\HandleExceptions->handleError(512, 'Required @OA\\\\In...', '/home/reyyhzn/2...', 23)
#1 [internal function]: Illuminate\\Foundation\\Bootstrap\\HandleExceptions->{closure:Illuminate\\Foundation\\Bootstrap\\HandleExceptions::forwardsTo():257}(512, 'Required @OA\\\\In...', '/home/reyyhzn/2...', 23)
#2 /home/reyyhzn/245150701111005-nayla-rayhana-zahrany-utptis/vendor/zircote/swagger-php/src/Loggers/DefaultLogger.php(23): trigger_error('Required @OA\\\\In...', 512)
#3 /home/reyyhzn/245150701111005-nayla-rayhana-zahrany-utptis/vendor/psr/log/src/LoggerTrait.php(61): OpenApi\\Loggers\\DefaultLogger->log('warning', 'Required @OA\\\\In...', Array)
#4 /home/reyyhzn/245150701111005-nayla-rayhana-zahrany-utptis/vendor/zircote/swagger-php/src/Annotations/AbstractAnnotation.php(549): Psr\\Log\\AbstractLogger->warning('Required @OA\\\\In...')
#5 /home/reyyhzn/245150701111005-nayla-rayhana-zahrany-utptis/vendor/zircote/swagger-php/src/Annotations/OpenApi.php(162): OpenApi\\Annotations\\AbstractAnnotation->validate(Object(OpenApi\\Analysis), '3.0.0', Object(stdClass))
#6 /home/reyyhzn/245150701111005-nayla-rayhana-zahrany-utptis/vendor/zircote/swagger-php/src/Analysis.php(402): OpenApi\\Annotations\\OpenApi->validate(Object(OpenApi\\Analysis), '3.0.0', Object(stdClass))
#7 /home/reyyhzn/245150701111005-nayla-rayhana-zahrany-utptis/vendor/zircote/swagger-php/src/Generator.php(408): OpenApi\\Analysis->validate()
#8 /home/reyyhzn/245150701111005-nayla-rayhana-zahrany-utptis/vendor/darkaonline/l5-swagger/src/Generator.php(177): OpenApi\\Generator->generate(Object(OpenApi\\SourceFinder), Object(OpenApi\\Analysis))
#9 /home/reyyhzn/245150701111005-nayla-rayhana-zahrany-utptis/vendor/darkaonline/l5-swagger/src/Generator.php(118): L5Swagger\\Generator->scanFilesForDocumentation()
#10 /home/reyyhzn/245150701111005-nayla-rayhana-zahrany-utptis/vendor/darkaonline/l5-swagger/src/Console/GenerateDocsCommand.php(73): L5Swagger\\Generator->generateDocs()
#11 /home/reyyhzn/245150701111005-nayla-rayhana-zahrany-utptis/vendor/darkaonline/l5-swagger/src/Console/GenerateDocsCommand.php(56): L5Swagger\\Console\\GenerateDocsCommand->generateDocumentation(Object(L5Swagger\\GeneratorFactory), 'default')
#12 /home/reyyhzn/245150701111005-nayla-rayhana-zahrany-utptis/vendor/laravel/framework/src/Illuminate/Container/BoundMethod.php(36): L5Swagger\\Console\\GenerateDocsCommand->handle(Object(L5Swagger\\GeneratorFactory))
#13 /home/reyyhzn/245150701111005-nayla-rayhana-zahrany-utptis/vendor/laravel/framework/src/Illuminate/Container/Util.php(43): Illuminate\\Container\\BoundMethod::{closure:Illuminate\\Container\\BoundMethod::call():35}()
#14 /home/reyyhzn/245150701111005-nayla-rayhana-zahrany-utptis/vendor/laravel/framework/src/Illuminate/Container/BoundMethod.php(96): Illuminate\\Container\\Util::unwrapIfClosure(Object(Closure))
#15 /home/reyyhzn/245150701111005-nayla-rayhana-zahrany-utptis/vendor/laravel/framework/src/Illuminate/Container/BoundMethod.php(35): Illuminate\\Container\\BoundMethod::callBoundMethod(Object(Illuminate\\Foundation\\Application), Array, Object(Closure))
#16 /home/reyyhzn/245150701111005-nayla-rayhana-zahrany-utptis/vendor/laravel/framework/src/Illuminate/Container/Container.php(799): Illuminate\\Container\\BoundMethod::call(Object(Illuminate\\Foundation\\Application), Array, Array, NULL)
#17 /home/reyyhzn/245150701111005-nayla-rayhana-zahrany-utptis/vendor/laravel/framework/src/Illuminate/Console/Command.php(280): Illuminate\\Container\\Container->call(Array)
#18 /home/reyyhzn/245150701111005-nayla-rayhana-zahrany-utptis/vendor/symfony/console/Command/Command.php(291): Illuminate\\Console\\Command->execute(Object(Symfony\\Component\\Console\\Input\\ArgvInput), Object(Illuminate\\Console\\OutputStyle))
#19 /home/reyyhzn/245150701111005-nayla-rayhana-zahrany-utptis/vendor/laravel/framework/src/Illuminate/Console/Command.php(249): Symfony\\Component\\Console\\Command\\Command->run(Object(Symfony\\Component\\Console\\Input\\ArgvInput), Object(Illuminate\\Console\\OutputStyle))
#20 /home/reyyhzn/245150701111005-nayla-rayhana-zahrany-utptis/vendor/symfony/console/Application.php(1107): Illuminate\\Console\\Command->run(Object(Symfony\\Component\\Console\\Input\\ArgvInput), Object(Symfony\\Component\\Console\\Output\\ConsoleOutput))
#21 /home/reyyhzn/245150701111005-nayla-rayhana-zahrany-utptis/vendor/symfony/console/Application.php(356): Symfony\\Component\\Console\\Application->doRunCommand(Object(L5Swagger\\Console\\GenerateDocsCommand), Object(Symfony\\Component\\Console\\Input\\ArgvInput), Object(Symfony\\Component\\Console\\Output\\ConsoleOutput))
#22 /home/reyyhzn/245150701111005-nayla-rayhana-zahrany-utptis/vendor/symfony/console/Application.php(195): Symfony\\Component\\Console\\Application->doRun(Object(Symfony\\Component\\Console\\Input\\ArgvInput), Object(Symfony\\Component\\Console\\Output\\ConsoleOutput))
#23 /home/reyyhzn/245150701111005-nayla-rayhana-zahrany-utptis/vendor/laravel/framework/src/Illuminate/Foundation/Console/Kernel.php(198): Symfony\\Component\\Console\\Application->run(Object(Symfony\\Component\\Console\\Input\\ArgvInput), Object(Symfony\\Component\\Console\\Output\\ConsoleOutput))
#24 /home/reyyhzn/245150701111005-nayla-rayhana-zahrany-utptis/vendor/laravel/framework/src/Illuminate/Foundation/Application.php(1235): Illuminate\\Foundation\\Console\\Kernel->handle(Object(Symfony\\Component\\Console\\Input\\ArgvInput), Object(Symfony\\Component\\Console\\Output\\ConsoleOutput))
#25 /home/reyyhzn/245150701111005-nayla-rayhana-zahrany-utptis/artisan(16): Illuminate\\Foundation\\Application->handleCommand(Object(Symfony\\Component\\Console\\Input\\ArgvInput))
#26 {main}
"} 
[2026-04-19 11:11:39] local.ERROR: Attempting to use non-attribute class "OpenApi\Annotations\Info" as attribute {"exception":"[object] (Error(code: 0): Attempting to use non-attribute class \"OpenApi\\Annotations\\Info\" as attribute at /home/reyyhzn/245150701111005-nayla-rayhana-zahrany-utptis/vendor/zircote/swagger-php/src/Analysers/AttributeAnnotationFactory.php:54)
[stacktrace]
#0 /home/reyyhzn/245150701111005-nayla-rayhana-zahrany-utptis/vendor/zircote/swagger-php/src/Analysers/AttributeAnnotationFactory.php(54): ReflectionAttribute->newInstance()
#1 /home/reyyhzn/245150701111005-nayla-rayhana-zahrany-utptis/vendor/zircote/swagger-php/src/Analysers/ReflectionAnalyser.php(126): OpenApi\\Analysers\\AttributeAnnotationFactory->build(Object(ReflectionClass), Object(OpenApi\\Context))
#2 /home/reyyhzn/245150701111005-nayla-rayhana-zahrany-utptis/vendor/zircote/swagger-php/src/Analysers/ReflectionAnalyser.php(62): OpenApi\\Analysers\\ReflectionAnalyser->analyzeFqdn('App\\\\Http\\\\Contro...', Object(OpenApi\\Analysis), Array)
#3 /home/reyyhzn/245150701111005-nayla-rayhana-zahrany-utptis/vendor/zircote/swagger-php/src/Generator.php(431): OpenApi\\Analysers\\ReflectionAnalyser->fromFile('/home/reyyhzn/2...', Object(OpenApi\\Context))
#4 /home/reyyhzn/245150701111005-nayla-rayhana-zahrany-utptis/vendor/zircote/swagger-php/src/Generator.php(394): OpenApi\\Generator->scanSources(Object(OpenApi\\SourceFinder), Object(OpenApi\\Analysis), Object(OpenApi\\Context))
#5 /home/reyyhzn/245150701111005-nayla-rayhana-zahrany-utptis/vendor/darkaonline/l5-swagger/src/Generator.php(177): OpenApi\\Generator->generate(Object(OpenApi\\SourceFinder), Object(OpenApi\\Analysis))
#6 /home/reyyhzn/245150701111005-nayla-rayhana-zahrany-utptis/vendor/darkaonline/l5-swagger/src/Generator.php(118): L5Swagger\\Generator->scanFilesForDocumentation()
#7 /home/reyyhzn/245150701111005-nayla-rayhana-zahrany-utptis/vendor/darkaonline/l5-swagger/src/Console/GenerateDocsCommand.php(73): L5Swagger\\Generator->generateDocs()
#8 /home/reyyhzn/245150701111005-nayla-rayhana-zahrany-utptis/vendor/darkaonline/l5-swagger/src/Console/GenerateDocsCommand.php(56): L5Swagger\\Console\\GenerateDocsCommand->generateDocumentation(Object(L5Swagger\\GeneratorFactory), 'default')
#9 /home/reyyhzn/245150701111005-nayla-rayhana-zahrany-utptis/vendor/laravel/framework/src/Illuminate/Container/BoundMethod.php(36): L5Swagger\\Console\\GenerateDocsCommand->handle(Object(L5Swagger\\GeneratorFactory))
#10 /home/reyyhzn/245150701111005-nayla-rayhana-zahrany-utptis/vendor/laravel/framework/src/Illuminate/Container/Util.php(43): Illuminate\\Container\\BoundMethod::{closure:Illuminate\\Container\\BoundMethod::call():35}()
#11 /home/reyyhzn/245150701111005-nayla-rayhana-zahrany-utptis/vendor/laravel/framework/src/Illuminate/Container/BoundMethod.php(96): Illuminate\\Container\\Util::unwrapIfClosure(Object(Closure))
#12 /home/reyyhzn/245150701111005-nayla-rayhana-zahrany-utptis/vendor/laravel/framework/src/Illuminate/Container/BoundMethod.php(35): Illuminate\\Container\\BoundMethod::callBoundMethod(Object(Illuminate\\Foundation\\Application), Array, Object(Closure))
#13 /home/reyyhzn/245150701111005-nayla-rayhana-zahrany-utptis/vendor/laravel/framework/src/Illuminate/Container/Container.php(799): Illuminate\\Container\\BoundMethod::call(Object(Illuminate\\Foundation\\Application), Array, Array, NULL)
#14 /home/reyyhzn/245150701111005-nayla-rayhana-zahrany-utptis/vendor/laravel/framework/src/Illuminate/Console/Command.php(280): Illuminate\\Container\\Container->call(Array)
#15 /home/reyyhzn/245150701111005-nayla-rayhana-zahrany-utptis/vendor/symfony/console/Command/Command.php(291): Illuminate\\Console\\Command->execute(Object(Symfony\\Component\\Console\\Input\\ArgvInput), Object(Illuminate\\Console\\OutputStyle))
#16 /home/reyyhzn/245150701111005-nayla-rayhana-zahrany-utptis/vendor/laravel/framework/src/Illuminate/Console/Command.php(249): Symfony\\Component\\Console\\Command\\Command->run(Object(Symfony\\Component\\Console\\Input\\ArgvInput), Object(Illuminate\\Console\\OutputStyle))
#17 /home/reyyhzn/245150701111005-nayla-rayhana-zahrany-utptis/vendor/symfony/console/Application.php(1107): Illuminate\\Console\\Command->run(Object(Symfony\\Component\\Console\\Input\\ArgvInput), Object(Symfony\\Component\\Console\\Output\\ConsoleOutput))
#18 /home/reyyhzn/245150701111005-nayla-rayhana-zahrany-utptis/vendor/symfony/console/Application.php(356): Symfony\\Component\\Console\\Application->doRunCommand(Object(L5Swagger\\Console\\GenerateDocsCommand), Object(Symfony\\Component\\Console\\Input\\ArgvInput), Object(Symfony\\Component\\Console\\Output\\ConsoleOutput))
#19 /home/reyyhzn/245150701111005-nayla-rayhana-zahrany-utptis/vendor/symfony/console/Application.php(195): Symfony\\Component\\Console\\Application->doRun(Object(Symfony\\Component\\Console\\Input\\ArgvInput), Object(Symfony\\Component\\Console\\Output\\ConsoleOutput))
#20 /home/reyyhzn/245150701111005-nayla-rayhana-zahrany-utptis/vendor/laravel/framework/src/Illuminate/Foundation/Console/Kernel.php(198): Symfony\\Component\\Console\\Application->run(Object(Symfony\\Component\\Console\\Input\\ArgvInput), Object(Symfony\\Component\\Console\\Output\\ConsoleOutput))
#21 /home/reyyhzn/245150701111005-nayla-rayhana-zahrany-utptis/vendor/laravel/framework/src/Illuminate/Foundation/Application.php(1235): Illuminate\\Foundation\\Console\\Kernel->handle(Object(Symfony\\Component\\Console\\Input\\ArgvInput), Object(Symfony\\Component\\Console\\Output\\ConsoleOutput))
#22 /home/reyyhzn/245150701111005-nayla-rayhana-zahrany-utptis/artisan(16): Illuminate\\Foundation\\Application->handleCommand(Object(Symfony\\Component\\Console\\Input\\ArgvInput))
#23 {main}
"} 
[2026-04-19 11:14:27] local.ERROR: @OA\Get() requires at least one @OA\Response() in \App\Http\Controllers\ItemController->index() in /home/reyyhzn/245150701111005-nayla-rayhana-zahrany-utptis/app/Http/Controllers/ItemController.php on line 31 {"exception":"[object] (ErrorException(code: 0): @OA\\Get() requires at least one @OA\\Response() in \\App\\Http\\Controllers\\ItemController->index() in /home/reyyhzn/245150701111005-nayla-rayhana-zahrany-utptis/app/Http/Controllers/ItemController.php on line 31 at /home/reyyhzn/245150701111005-nayla-rayhana-zahrany-utptis/vendor/zircote/swagger-php/src/Loggers/DefaultLogger.php:23)
[stacktrace]
#0 /home/reyyhzn/245150701111005-nayla-rayhana-zahrany-utptis/vendor/laravel/framework/src/Illuminate/Foundation/Bootstrap/HandleExceptions.php(258): Illuminate\\Foundation\\Bootstrap\\HandleExceptions->handleError(512, '@OA\\\\Get() requi...', '/home/reyyhzn/2...', 23)
#1 [internal function]: Illuminate\\Foundation\\Bootstrap\\HandleExceptions->{closure:Illuminate\\Foundation\\Bootstrap\\HandleExceptions::forwardsTo():257}(512, '@OA\\\\Get() requi...', '/home/reyyhzn/2...', 23)
#2 /home/reyyhzn/245150701111005-nayla-rayhana-zahrany-utptis/vendor/zircote/swagger-php/src/Loggers/DefaultLogger.php(23): trigger_error('@OA\\\\Get() requi...', 512)
#3 /home/reyyhzn/245150701111005-nayla-rayhana-zahrany-utptis/vendor/psr/log/src/LoggerTrait.php(61): OpenApi\\Loggers\\DefaultLogger->log('warning', '@OA\\\\Get() requi...', Array)
#4 /home/reyyhzn/245150701111005-nayla-rayhana-zahrany-utptis/vendor/zircote/swagger-php/src/Annotations/AbstractAnnotation.php(549): Psr\\Log\\AbstractLogger->warning('@OA\\\\Get() requi...')
#5 /home/reyyhzn/245150701111005-nayla-rayhana-zahrany-utptis/vendor/zircote/swagger-php/src/Annotations/Operation.php(214): OpenApi\\Annotations\\AbstractAnnotation->validate(Object(OpenApi\\Analysis), '3.0.0', Object(stdClass))
#6 /home/reyyhzn/245150701111005-nayla-rayhana-zahrany-utptis/vendor/zircote/swagger-php/src/Analysis.php(402): OpenApi\\Annotations\\Operation->validate(Object(OpenApi\\Analysis), '3.0.0', Object(stdClass))
#7 /home/reyyhzn/245150701111005-nayla-rayhana-zahrany-utptis/vendor/zircote/swagger-php/src/Generator.php(408): OpenApi\\Analysis->validate()
#8 /home/reyyhzn/245150701111005-nayla-rayhana-zahrany-utptis/vendor/darkaonline/l5-swagger/src/Generator.php(177): OpenApi\\Generator->generate(Object(OpenApi\\SourceFinder), Object(OpenApi\\Analysis))
#9 /home/reyyhzn/245150701111005-nayla-rayhana-zahrany-utptis/vendor/darkaonline/l5-swagger/src/Generator.php(118): L5Swagger\\Generator->scanFilesForDocumentation()
#10 /home/reyyhzn/245150701111005-nayla-rayhana-zahrany-utptis/vendor/darkaonline/l5-swagger/src/Console/GenerateDocsCommand.php(73): L5Swagger\\Generator->generateDocs()
#11 /home/reyyhzn/245150701111005-nayla-rayhana-zahrany-utptis/vendor/darkaonline/l5-swagger/src/Console/GenerateDocsCommand.php(56): L5Swagger\\Console\\GenerateDocsCommand->generateDocumentation(Object(L5Swagger\\GeneratorFactory), 'default')
#12 /home/reyyhzn/245150701111005-nayla-rayhana-zahrany-utptis/vendor/laravel/framework/src/Illuminate/Container/BoundMethod.php(36): L5Swagger\\Console\\GenerateDocsCommand->handle(Object(L5Swagger\\GeneratorFactory))
#13 /home/reyyhzn/245150701111005-nayla-rayhana-zahrany-utptis/vendor/laravel/framework/src/Illuminate/Container/Util.php(43): Illuminate\\Container\\BoundMethod::{closure:Illuminate\\Container\\BoundMethod::call():35}()
#14 /home/reyyhzn/245150701111005-nayla-rayhana-zahrany-utptis/vendor/laravel/framework/src/Illuminate/Container/BoundMethod.php(96): Illuminate\\Container\\Util::unwrapIfClosure(Object(Closure))
#15 /home/reyyhzn/245150701111005-nayla-rayhana-zahrany-utptis/vendor/laravel/framework/src/Illuminate/Container/BoundMethod.php(35): Illuminate\\Container\\BoundMethod::callBoundMethod(Object(Illuminate\\Foundation\\Application), Array, Object(Closure))
#16 /home/reyyhzn/245150701111005-nayla-rayhana-zahrany-utptis/vendor/laravel/framework/src/Illuminate/Container/Container.php(799): Illuminate\\Container\\BoundMethod::call(Object(Illuminate\\Foundation\\Application), Array, Array, NULL)
#17 /home/reyyhzn/245150701111005-nayla-rayhana-zahrany-utptis/vendor/laravel/framework/src/Illuminate/Console/Command.php(280): Illuminate\\Container\\Container->call(Array)
#18 /home/reyyhzn/245150701111005-nayla-rayhana-zahrany-utptis/vendor/symfony/console/Command/Command.php(291): Illuminate\\Console\\Command->execute(Object(Symfony\\Component\\Console\\Input\\ArgvInput), Object(Illuminate\\Console\\OutputStyle))
#19 /home/reyyhzn/245150701111005-nayla-rayhana-zahrany-utptis/vendor/laravel/framework/src/Illuminate/Console/Command.php(249): Symfony\\Component\\Console\\Command\\Command->run(Object(Symfony\\Component\\Console\\Input\\ArgvInput), Object(Illuminate\\Console\\OutputStyle))
#20 /home/reyyhzn/245150701111005-nayla-rayhana-zahrany-utptis/vendor/symfony/console/Application.php(1107): Illuminate\\Console\\Command->run(Object(Symfony\\Component\\Console\\Input\\ArgvInput), Object(Symfony\\Component\\Console\\Output\\ConsoleOutput))
#21 /home/reyyhzn/245150701111005-nayla-rayhana-zahrany-utptis/vendor/symfony/console/Application.php(356): Symfony\\Component\\Console\\Application->doRunCommand(Object(L5Swagger\\Console\\GenerateDocsCommand), Object(Symfony\\Component\\Console\\Input\\ArgvInput), Object(Symfony\\Component\\Console\\Output\\ConsoleOutput))
#22 /home/reyyhzn/245150701111005-nayla-rayhana-zahrany-utptis/vendor/symfony/console/Application.php(195): Symfony\\Component\\Console\\Application->doRun(Object(Symfony\\Component\\Console\\Input\\ArgvInput), Object(Symfony\\Component\\Console\\Output\\ConsoleOutput))
#23 /home/reyyhzn/245150701111005-nayla-rayhana-zahrany-utptis/vendor/laravel/framework/src/Illuminate/Foundation/Console/Kernel.php(198): Symfony\\Component\\Console\\Application->run(Object(Symfony\\Component\\Console\\Input\\ArgvInput), Object(Symfony\\Component\\Console\\Output\\ConsoleOutput))
#24 /home/reyyhzn/245150701111005-nayla-rayhana-zahrany-utptis/vendor/laravel/framework/src/Illuminate/Foundation/Application.php(1235): Illuminate\\Foundation\\Console\\Kernel->handle(Object(Symfony\\Component\\Console\\Input\\ArgvInput), Object(Symfony\\Component\\Console\\Output\\ConsoleOutput))
#25 /home/reyyhzn/245150701111005-nayla-rayhana-zahrany-utptis/artisan(16): Illuminate\\Foundation\\Application->handleCommand(Object(Symfony\\Component\\Console\\Input\\ArgvInput))
#26 {main}
"} 
